"../../../Engine/Content/EditorResources/S_Actor.ubulk" 0
"../../../Engine/Content/EditorResources/S_Actor.uasset" 1
"../../../Engine/Content/EditorResources/S_Actor.uexp" 2
"../../../Engine/Content/EditorResources/S_BoxReflectionCapture.uasset" 3
"../../../Engine/Content/EditorResources/S_BoxReflectionCapture.uexp" 4
"../../../Engine/Content/EngineResources/DefaultTexture.ubulk" 5
"../../../Engine/Content/EngineResources/DefaultTexture.uasset" 6
"../../../Engine/Content/EngineResources/DefaultTexture.uexp" 7
"../../../Engine/Content/EngineResources/DefaultTextureCube.uasset" 8
"../../../Engine/Content/EngineResources/DefaultTextureCube.uexp" 9
"../../../Engine/Content/EngineResources/DefaultVolumeTexture2D.uasset" 10
"../../../Engine/Content/EngineResources/DefaultVolumeTexture2D.uexp" 11
"../../../Engine/Content/EngineResources/DefaultVolumeTexture.uasset" 12
"../../../Engine/Content/EngineResources/DefaultVolumeTexture.uexp" 13
"../../../Engine/Content/EditorResources/S_Trigger.ubulk" 14
"../../../Engine/Content/EditorResources/S_Trigger.uasset" 15
"../../../Engine/Content/EditorResources/S_Trigger.uexp" 16
"../../../Engine/Content/EditorResources/S_TriggerBox.uasset" 17
"../../../Engine/Content/EditorResources/S_TriggerBox.uexp" 18
"../../../Engine/Content/EditorResources/S_TriggerCapsule.uasset" 19
"../../../Engine/Content/EditorResources/S_TriggerCapsule.uexp" 20
"../../../Engine/Content/EditorResources/S_TriggerSphere.uasset" 21
"../../../Engine/Content/EditorResources/S_TriggerSphere.uexp" 22
"../../../Engine/Content/EngineMeshes/Sphere.ubulk" 23
"../../../Engine/Content/EngineMeshes/Sphere.uasset" 24
"../../../Engine/Content/EngineMeshes/Sphere.uexp" 25
"../../../Engine/Content/EngineResources/GradientTexture0.uasset" 26
"../../../Engine/Content/EngineResources/GradientTexture0.uexp" 27
"../../../Engine/Content/EngineResources/Black.uasset" 28
"../../../Engine/Content/EngineResources/Black.uexp" 29
"../../../Engine/Content/VREditor/LaserPointer/VR_LaserPower_01.ubulk" 30
"../../../Engine/Content/VREditor/LaserPointer/VR_LaserPower_01.uasset" 31
"../../../Engine/Content/VREditor/LaserPointer/VR_LaserPower_01.uexp" 32
"../../../Engine/Content/VREditor/TransformGizmo/TransformGizmoMaterial.uasset" 33
"../../../Engine/Content/VREditor/TransformGizmo/TransformGizmoMaterial.uexp" 34
"../../../Engine/Content/VREditor/TransformGizmo/TranslucentTransformGizmoMaterial.uasset" 35
"../../../Engine/Content/VREditor/TransformGizmo/TranslucentTransformGizmoMaterial.uexp" 36
"../../../Engine/Content/VREditor/TransformGizmo/PlaneTranslationHandle.ubulk" 37
"../../../Engine/Content/VREditor/TransformGizmo/PlaneTranslationHandle.uasset" 38
"../../../Engine/Content/VREditor/TransformGizmo/PlaneTranslationHandle.uexp" 39
"../../../Engine/Content/VREditor/TransformGizmo/BoundingBoxCorner.ubulk" 40
"../../../Engine/Content/VREditor/TransformGizmo/BoundingBoxCorner.uasset" 41
"../../../Engine/Content/VREditor/TransformGizmo/BoundingBoxCorner.uexp" 42
"../../../Engine/Content/VREditor/TransformGizmo/BoundingBoxEdge.ubulk" 43
"../../../Engine/Content/VREditor/TransformGizmo/BoundingBoxEdge.uasset" 44
"../../../Engine/Content/VREditor/TransformGizmo/BoundingBoxEdge.uexp" 45
"../../../Engine/Content/VREditor/TransformGizmo/Main.uasset" 46
"../../../Engine/Content/VREditor/TransformGizmo/Main.uexp" 47
"../../../Engine/Content/VREditor/TransformGizmo/Xray.uasset" 48
"../../../Engine/Content/VREditor/TransformGizmo/Xray.uexp" 49
"../../../Engine/Content/VREditor/TransformGizmo/SM_Sequencer_Node.ubulk" 50
"../../../Engine/Content/VREditor/TransformGizmo/SM_Sequencer_Node.uasset" 51
"../../../Engine/Content/VREditor/TransformGizmo/SM_Sequencer_Node.uexp" 52
"../../../Engine/Content/EditorMaterials/Camera/CineMat.uasset" 53
"../../../Engine/Content/EditorMaterials/Camera/CineMat.uexp" 54
"../../../Engine/Content/EditorMaterials/Camera/MI_CineMat_Rig.uasset" 55
"../../../Engine/Content/EditorMaterials/Camera/MI_CineMat_Rig.uexp" 56
"../../../Engine/Content/EditorMeshes/Camera/SM_CraneRig_Base.ubulk" 57
"../../../Engine/Content/EditorMeshes/Camera/SM_CraneRig_Base.uasset" 58
"../../../Engine/Content/EditorMeshes/Camera/SM_CraneRig_Base.uexp" 59
"../../../Engine/Content/EditorMeshes/Camera/SM_CraneRig_Arm.ubulk" 60
"../../../Engine/Content/EditorMeshes/Camera/SM_CraneRig_Arm.uasset" 61
"../../../Engine/Content/EditorMeshes/Camera/SM_CraneRig_Arm.uexp" 62
"../../../Engine/Content/EditorMeshes/Camera/SM_CraneRig_Mount.ubulk" 63
"../../../Engine/Content/EditorMeshes/Camera/SM_CraneRig_Mount.uasset" 64
"../../../Engine/Content/EditorMeshes/Camera/SM_CraneRig_Mount.uexp" 65
"../../../Engine/Content/EditorMeshes/Camera/SM_CraneRig_Body.ubulk" 66
"../../../Engine/Content/EditorMeshes/Camera/SM_CraneRig_Body.uasset" 67
"../../../Engine/Content/EditorMeshes/Camera/SM_CraneRig_Body.uexp" 68
"../../../Engine/Content/EditorMeshes/Camera/SM_RailRig_Track.ubulk" 69
"../../../Engine/Content/EditorMeshes/Camera/SM_RailRig_Track.uasset" 70
"../../../Engine/Content/EditorMeshes/Camera/SM_RailRig_Track.uexp" 71
"../../../Engine/Content/EditorMeshes/Camera/SM_RailRig_Mount.ubulk" 72
"../../../Engine/Content/EditorMeshes/Camera/SM_RailRig_Mount.uasset" 73
"../../../Engine/Content/EditorMeshes/Camera/SM_RailRig_Mount.uexp" 74
"../../../Engine/Content/EngineMaterials/T_Default_Material_Grid_M.ubulk" 75
"../../../Engine/Content/EngineMaterials/T_Default_Material_Grid_M.uasset" 76
"../../../Engine/Content/EngineMaterials/T_Default_Material_Grid_M.uexp" 77
"../../../Engine/Content/EngineMaterials/T_Default_Material_Grid_N.ubulk" 78
"../../../Engine/Content/EngineMaterials/T_Default_Material_Grid_N.uasset" 79
"../../../Engine/Content/EngineMaterials/T_Default_Material_Grid_N.uexp" 80
"../../../Engine/Content/Functions/Engine_MaterialFunctions01/Opacity/CameraDepthFade.uasset" 81
"../../../Engine/Content/Functions/Engine_MaterialFunctions01/Opacity/CameraDepthFade.uexp" 82
"../../../Engine/Content/EngineMaterials/WorldGridMaterial.uasset" 83
"../../../Engine/Content/EngineMaterials/WorldGridMaterial.uexp" 84
"../../../Engine/Content/ArtTools/RenderToTexture/Meshes/S_1_Unit_Plane.ubulk" 85
"../../../Engine/Content/ArtTools/RenderToTexture/Meshes/S_1_Unit_Plane.uasset" 86
"../../../Engine/Content/ArtTools/RenderToTexture/Meshes/S_1_Unit_Plane.uexp" 87
"../../../Engine/Content/EditorMaterials/ParticleSystems/PSysThumbnail_NoImage.ubulk" 88
"../../../Engine/Content/EditorMaterials/ParticleSystems/PSysThumbnail_NoImage.uasset" 89
"../../../Engine/Content/EditorMaterials/ParticleSystems/PSysThumbnail_NoImage.uexp" 90
"../../../Engine/Content/EditorMaterials/ParticleSystems/PSysThumbnail_OOD.ubulk" 91
"../../../Engine/Content/EditorMaterials/ParticleSystems/PSysThumbnail_OOD.uasset" 92
"../../../Engine/Content/EditorMaterials/ParticleSystems/PSysThumbnail_OOD.uexp" 93
"../../../Engine/Content/EditorLandscapeResources/SplineEditorMeshMat.uasset" 94
"../../../Engine/Content/EditorLandscapeResources/SplineEditorMeshMat.uexp" 95
"../../../Engine/Content/EditorLandscapeResources/SplineEditorMesh.ubulk" 96
"../../../Engine/Content/EditorLandscapeResources/SplineEditorMesh.uasset" 97
"../../../Engine/Content/EditorLandscapeResources/SplineEditorMesh.uexp" 98
"../../../Engine/Content/EditorResources/S_Solver.ubulk" 99
"../../../Engine/Content/EditorResources/S_Solver.uasset" 100
"../../../Engine/Content/EditorResources/S_Solver.uexp" 101
"../../../Engine/Content/EditorMeshes/EditorSphere.ubulk" 102
"../../../Engine/Content/EditorMeshes/EditorSphere.uasset" 103
"../../../Engine/Content/EditorMeshes/EditorSphere.uexp" 104
"../../../Engine/Plugins/Media/MediaPlate/Content/SM_MediaPlateScreen.ubulk" 105
"../../../Engine/Plugins/Media/MediaPlate/Content/SM_MediaPlateScreen.uasset" 106
"../../../Engine/Plugins/Media/MediaPlate/Content/SM_MediaPlateScreen.uexp" 107
"../../../Engine/Content/EngineMaterials/Good64x64TilingNoiseHighFreq.uasset" 108
"../../../Engine/Content/EngineMaterials/Good64x64TilingNoiseHighFreq.uexp" 109
"../../../Engine/Content/EngineMaterials/DefaultBokeh.uasset" 110
"../../../Engine/Content/EngineMaterials/DefaultBokeh.uexp" 111
"../../../Engine/Content/EngineMaterials/PreintegratedSkinBRDF.uasset" 112
"../../../Engine/Content/EngineMaterials/PreintegratedSkinBRDF.uexp" 113
"../../../Engine/Content/EngineMaterials/MiniFont.uasset" 114
"../../../Engine/Content/EngineMaterials/MiniFont.uexp" 115
"../../../Engine/Content/EngineMaterials/WeightMapPlaceholderTexture.uasset" 116
"../../../Engine/Content/EngineMaterials/WeightMapPlaceholderTexture.uexp" 117
"../../../Engine/Content/EngineMaterials/DefaultWhiteGrid.ubulk" 118
"../../../Engine/Content/EngineMaterials/DefaultWhiteGrid.uasset" 119
"../../../Engine/Content/EngineMaterials/DefaultWhiteGrid.uexp" 120
"../../../Engine/Plugins/Runtime/MeshModelingToolset/Content/Materials/M_DynamicMeshComponentVtxColor.uasset" 121
"../../../Engine/Plugins/Runtime/MeshModelingToolset/Content/Materials/M_DynamicMeshComponentVtxColor.uexp" 122
"../../../Engine/Plugins/Interchange/Runtime/Content/Pipelines/DefaultTexturePipeline.uasset" 123
"../../../Engine/Plugins/Interchange/Runtime/Content/Pipelines/DefaultTexturePipeline.uexp" 124
"../../../Engine/Plugins/Interchange/Runtime/Content/Pipelines/DefaultSceneLevelPipeline.uasset" 125
"../../../Engine/Plugins/Interchange/Runtime/Content/Pipelines/DefaultSceneLevelPipeline.uexp" 126
"../../../Engine/Plugins/Interchange/Runtime/Content/Pipelines/DefaultSceneAssetsPipeline.uasset" 127
"../../../Engine/Plugins/Interchange/Runtime/Content/Pipelines/DefaultSceneAssetsPipeline.uexp" 128
"../../../Engine/Plugins/Interchange/Runtime/Content/Pipelines/DefaultMaterialPipeline.uasset" 129
"../../../Engine/Plugins/Interchange/Runtime/Content/Pipelines/DefaultMaterialPipeline.uexp" 130
"../../../Engine/Plugins/Interchange/Runtime/Content/Pipelines/DefaultAssetsPipeline.uasset" 131
"../../../Engine/Plugins/Interchange/Runtime/Content/Pipelines/DefaultAssetsPipeline.uexp" 132
"../../../Engine/Plugins/Interchange/Runtime/Content/Materials/UnlitMaterial.uasset" 133
"../../../Engine/Plugins/Interchange/Runtime/Content/Materials/UnlitMaterial.uexp" 134
"../../../Engine/Content/EngineMaterials/DefaultNormal.ubulk" 135
"../../../Engine/Content/EngineMaterials/DefaultNormal.uasset" 136
"../../../Engine/Content/EngineMaterials/DefaultNormal.uexp" 137
"../../../Engine/Plugins/Interchange/Runtime/Content/Materials/MapOrScalarFunction.uasset" 138
"../../../Engine/Plugins/Interchange/Runtime/Content/Materials/MapOrScalarFunction.uexp" 139
"../../../Engine/Plugins/Interchange/Runtime/Content/Materials/MapOrLinearColorFunction.uasset" 140
"../../../Engine/Plugins/Interchange/Runtime/Content/Materials/MapOrLinearColorFunction.uexp" 141
"../../../Engine/Plugins/Interchange/Runtime/Content/Materials/MapOrColorFunction.uasset" 142
"../../../Engine/Plugins/Interchange/Runtime/Content/Materials/MapOrColorFunction.uexp" 143
"../../../Engine/Content/EngineMaterials/BaseFlattenLinearColor.uasset" 144
"../../../Engine/Content/EngineMaterials/BaseFlattenLinearColor.uexp" 145
"../../../Engine/Plugins/Interchange/Runtime/Content/Materials/CommonMaterial.uasset" 146
"../../../Engine/Plugins/Interchange/Runtime/Content/Materials/CommonMaterial.uexp" 147
"../../../Engine/Plugins/Interchange/Runtime/Content/Materials/PBRSurfaceFunction.uasset" 148
"../../../Engine/Plugins/Interchange/Runtime/Content/Materials/PBRSurfaceFunction.uexp" 149
"../../../Engine/Plugins/Interchange/Runtime/Content/Materials/ThinTranslucentMaterial.uasset" 150
"../../../Engine/Plugins/Interchange/Runtime/Content/Materials/ThinTranslucentMaterial.uexp" 151
"../../../Engine/Plugins/Interchange/Runtime/Content/Materials/SubsurfaceMaterial.uasset" 152
"../../../Engine/Plugins/Interchange/Runtime/Content/Materials/SubsurfaceMaterial.uexp" 153
"../../../Engine/Plugins/Interchange/Runtime/Content/Materials/SheenMaterial.uasset" 154
"../../../Engine/Plugins/Interchange/Runtime/Content/Materials/SheenMaterial.uexp" 155
"../../../Engine/Content/Functions/Engine_MaterialFunctions01/Shading/ConvertFromDiffSpec.uasset" 156
"../../../Engine/Content/Functions/Engine_MaterialFunctions01/Shading/ConvertFromDiffSpec.uexp" 157
"../../../Engine/Plugins/Interchange/Runtime/Content/Materials/PhongSurfaceMaterial.uasset" 158
"../../../Engine/Plugins/Interchange/Runtime/Content/Materials/PhongSurfaceMaterial.uexp" 159
"../../../Engine/Plugins/Interchange/Runtime/Content/Materials/PBRSurfaceMaterial.uasset" 160
"../../../Engine/Plugins/Interchange/Runtime/Content/Materials/PBRSurfaceMaterial.uexp" 161
"../../../Engine/Content/EngineMaterials/FlatNormal.uasset" 162
"../../../Engine/Content/EngineMaterials/FlatNormal.uexp" 163
"../../../Engine/Plugins/Interchange/Runtime/Content/Functions/MF_OrenNayerView.uasset" 164
"../../../Engine/Plugins/Interchange/Runtime/Content/Functions/MF_OrenNayerView.uexp" 165
"../../../Engine/Content/EditorLandscapeResources/WhiteSquareTexture.uasset" 166
"../../../Engine/Content/EditorLandscapeResources/WhiteSquareTexture.uexp" 167
"../../../Engine/Plugins/Interchange/Runtime/Content/Functions/MF_SchlickApprox.uasset" 168
"../../../Engine/Plugins/Interchange/Runtime/Content/Functions/MF_SchlickApprox.uexp" 169
"../../../Engine/Plugins/Interchange/Runtime/Content/Utilities/New_LUT.uasset" 170
"../../../Engine/Plugins/Interchange/Runtime/Content/Utilities/New_LUT.uexp" 171
"../../../Engine/Content/Functions/Engine_MaterialFunctions03/Math/RemapValueRange.uasset" 172
"../../../Engine/Content/Functions/Engine_MaterialFunctions03/Math/RemapValueRange.uexp" 173
"../../../Engine/Plugins/Interchange/Runtime/Content/Functions/MF_Iridescence.uasset" 174
"../../../Engine/Plugins/Interchange/Runtime/Content/Functions/MF_Iridescence.uexp" 175
"../../../Engine/Plugins/Interchange/Runtime/Content/Materials/OrenNayerMaterial.uasset" 176
"../../../Engine/Plugins/Interchange/Runtime/Content/Materials/OrenNayerMaterial.uexp" 177
"../../../Engine/Plugins/Interchange/Runtime/Content/Materials/LambertSurfaceMaterial.uasset" 178
"../../../Engine/Plugins/Interchange/Runtime/Content/Materials/LambertSurfaceMaterial.uexp" 179
"../../../Engine/Plugins/Interchange/Runtime/Content/Materials/ClearCoatMaterial.uasset" 180
"../../../Engine/Plugins/Interchange/Runtime/Content/Materials/ClearCoatMaterial.uexp" 181
"../../../Engine/Plugins/Interchange/Runtime/Content/gltf/Textures/T_Gray_Linear.uasset" 182
"../../../Engine/Plugins/Interchange/Runtime/Content/gltf/Textures/T_Gray_Linear.uexp" 183
"../../../Engine/Plugins/Interchange/Runtime/Content/gltf/Textures/T_Black_srgb.uasset" 184
"../../../Engine/Plugins/Interchange/Runtime/Content/gltf/Textures/T_Black_srgb.uexp" 185
"../../../Engine/Plugins/Interchange/Runtime/Content/gltf/MaterialFunctions/MF_RotateV2.uasset" 186
"../../../Engine/Plugins/Interchange/Runtime/Content/gltf/MaterialFunctions/MF_RotateV2.uexp" 187
"../../../Engine/Plugins/Interchange/Runtime/Content/gltf/MaterialFunctions/MF_TransformUVs.uasset" 188
"../../../Engine/Plugins/Interchange/Runtime/Content/gltf/MaterialFunctions/MF_TransformUVs.uexp" 189
"../../../Engine/Plugins/Interchange/Runtime/Content/gltf/Textures/T_White_srgb.uasset" 190
"../../../Engine/Plugins/Interchange/Runtime/Content/gltf/Textures/T_White_srgb.uexp" 191
"../../../Engine/Plugins/Interchange/Runtime/Content/gltf/MaterialFunctions/MF_BaseColor.uasset" 192
"../../../Engine/Plugins/Interchange/Runtime/Content/gltf/MaterialFunctions/MF_BaseColor.uexp" 193
"../../../Engine/Plugins/Interchange/Runtime/Content/gltf/MaterialFunctions/MF_DiffuseSpecGloss.uasset" 194
"../../../Engine/Plugins/Interchange/Runtime/Content/gltf/MaterialFunctions/MF_DiffuseSpecGloss.uexp" 195
"../../../Engine/Plugins/Interchange/Runtime/Content/gltf/Textures/T_White_Linear.uasset" 196
"../../../Engine/Plugins/Interchange/Runtime/Content/gltf/Textures/T_White_Linear.uexp" 197
"../../../Engine/Plugins/Interchange/Runtime/Content/gltf/MaterialFunctions/MF_MetallicRoughness.uasset" 198
"../../../Engine/Plugins/Interchange/Runtime/Content/gltf/MaterialFunctions/MF_MetallicRoughness.uexp" 199
"../../../Engine/Plugins/Interchange/Runtime/Content/gltf/MaterialFunctions/MF_Transmission.uasset" 200
"../../../Engine/Plugins/Interchange/Runtime/Content/gltf/MaterialFunctions/MF_Transmission.uexp" 201
"../../../Engine/Plugins/Interchange/Runtime/Content/gltf/MaterialFunctions/MF_Occlusion.uasset" 202
"../../../Engine/Plugins/Interchange/Runtime/Content/gltf/MaterialFunctions/MF_Occlusion.uexp" 203
"../../../Engine/Content/Functions/Engine_MaterialFunctions02/Texturing/CustomRotator.uasset" 204
"../../../Engine/Content/Functions/Engine_MaterialFunctions02/Texturing/CustomRotator.uexp" 205
"../../../Engine/Content/Functions/Engine_MaterialFunctions02/Texturing/ScreenAlignedPixelToPixelUVs.uasset" 206
"../../../Engine/Content/Functions/Engine_MaterialFunctions02/Texturing/ScreenAlignedPixelToPixelUVs.uexp" 207
"../../../Engine/Plugins/Interchange/Runtime/Content/Utilities/T_Bayer64_Grayscale_64px.uasset" 208
"../../../Engine/Plugins/Interchange/Runtime/Content/Utilities/T_Bayer64_Grayscale_64px.uexp" 209
"../../../Engine/Plugins/Interchange/Runtime/Content/gltf/MaterialFunctions/MF_Temporal_Blur.uasset" 210
"../../../Engine/Plugins/Interchange/Runtime/Content/gltf/MaterialFunctions/MF_Temporal_Blur.uexp" 211
"../../../Engine/Plugins/Interchange/Runtime/Content/gltf/MaterialFunctions/MF_Specular.uasset" 212
"../../../Engine/Plugins/Interchange/Runtime/Content/gltf/MaterialFunctions/MF_Specular.uexp" 213
"../../../Engine/Plugins/Interchange/Runtime/Content/gltf/MaterialFunctions/MF_IOR.uasset" 214
"../../../Engine/Plugins/Interchange/Runtime/Content/gltf/MaterialFunctions/MF_IOR.uexp" 215
"../../../Engine/Plugins/Interchange/Runtime/Content/gltf/MaterialFunctions/MF_Fresnel_DS.uasset" 216
"../../../Engine/Plugins/Interchange/Runtime/Content/gltf/MaterialFunctions/MF_Fresnel_DS.uexp" 217
"../../../Engine/Content/Functions/Engine_MaterialFunctions01/Texturing/FlattenNormal.uasset" 218
"../../../Engine/Content/Functions/Engine_MaterialFunctions01/Texturing/FlattenNormal.uexp" 219
"../../../Engine/Content/Functions/Engine_MaterialFunctions02/Utility/BreakOutFloat3Components.uasset" 220
"../../../Engine/Content/Functions/Engine_MaterialFunctions02/Utility/BreakOutFloat3Components.uexp" 221
"../../../Engine/Content/Functions/Engine_MaterialFunctions02/Math/Transform3x3Matrix.uasset" 222
"../../../Engine/Content/Functions/Engine_MaterialFunctions02/Math/Transform3x3Matrix.uexp" 223
"../../../Engine/Content/Functions/Engine_MaterialFunctions02/Utility/MakeFloat3.uasset" 224
"../../../Engine/Content/Functions/Engine_MaterialFunctions02/Utility/MakeFloat3.uexp" 225
"../../../Engine/Plugins/Interchange/Runtime/Content/gltf/MaterialFunctions/MF_RotateNormals_TS.uasset" 226
"../../../Engine/Plugins/Interchange/Runtime/Content/gltf/MaterialFunctions/MF_RotateNormals_TS.uexp" 227
"../../../Engine/Plugins/Interchange/Runtime/Content/gltf/Textures/T_Generic_N.uasset" 228
"../../../Engine/Plugins/Interchange/Runtime/Content/gltf/Textures/T_Generic_N.uexp" 229
"../../../Engine/Plugins/Interchange/Runtime/Content/gltf/MaterialFunctions/MF_Normals.uasset" 230
"../../../Engine/Plugins/Interchange/Runtime/Content/gltf/MaterialFunctions/MF_Normals.uexp" 231
"../../../Engine/Content/Functions/Engine_MaterialFunctions02/Math/AddComponents.uasset" 232
"../../../Engine/Content/Functions/Engine_MaterialFunctions02/Math/AddComponents.uexp" 233
"../../../Engine/Plugins/Interchange/Runtime/Content/gltf/MaterialFunctions/MF_PerceivedBrightness.uasset" 234
"../../../Engine/Plugins/Interchange/Runtime/Content/gltf/MaterialFunctions/MF_PerceivedBrightness.uexp" 235
"../../../Engine/Plugins/Interchange/Runtime/Content/gltf/MaterialFunctions/MF_SpecGlossToMetalRoughness.uasset" 236
"../../../Engine/Plugins/Interchange/Runtime/Content/gltf/MaterialFunctions/MF_SpecGlossToMetalRoughness.uexp" 237
"../../../Engine/Plugins/Interchange/Runtime/Content/gltf/M_Transmission.uasset" 238
"../../../Engine/Plugins/Interchange/Runtime/Content/gltf/M_Transmission.uexp" 239
"../../../Engine/Plugins/Interchange/Runtime/Content/gltf/MaterialInstances_SG/MI_Transmission_TS.uasset" 240
"../../../Engine/Plugins/Interchange/Runtime/Content/gltf/MaterialInstances_SG/MI_Transmission_TS.uexp" 241
"../../../Engine/Plugins/Interchange/Runtime/Content/gltf/MaterialInstances_SG/MI_Transmission.uasset" 242
"../../../Engine/Plugins/Interchange/Runtime/Content/gltf/MaterialInstances_SG/MI_Transmission.uexp" 243
"../../../Engine/Plugins/Interchange/Runtime/Content/gltf/MaterialFunctions/MF_Clearcoat.uasset" 244
"../../../Engine/Plugins/Interchange/Runtime/Content/gltf/MaterialFunctions/MF_Clearcoat.uexp" 245
"../../../Engine/Plugins/Interchange/Runtime/Content/gltf/MaterialFunctions/MF_Emissive.uasset" 246
"../../../Engine/Plugins/Interchange/Runtime/Content/gltf/MaterialFunctions/MF_Emissive.uexp" 247
"../../../Engine/Plugins/Interchange/Runtime/Content/gltf/M_Translucent.uasset" 248
"../../../Engine/Plugins/Interchange/Runtime/Content/gltf/M_Translucent.uexp" 249
"../../../Engine/Plugins/Interchange/Runtime/Content/gltf/MaterialInstances_SG/MI_Translucent_TS.uasset" 250
"../../../Engine/Plugins/Interchange/Runtime/Content/gltf/MaterialInstances_SG/MI_Translucent_TS.uexp" 251
"../../../Engine/Plugins/Interchange/Runtime/Content/gltf/MaterialInstances_SG/MI_Translucent_ClearCoat_TS.uasset" 252
"../../../Engine/Plugins/Interchange/Runtime/Content/gltf/MaterialInstances_SG/MI_Translucent_ClearCoat_TS.uexp" 253
"../../../Engine/Plugins/Interchange/Runtime/Content/gltf/MaterialInstances_SG/MI_Translucent_ClearCoat.uasset" 254
"../../../Engine/Plugins/Interchange/Runtime/Content/gltf/MaterialInstances_SG/MI_Translucent_ClearCoat.uexp" 255
"../../../Engine/Plugins/Interchange/Runtime/Content/gltf/MaterialInstances_SG/MI_Translucent.uasset" 256
"../../../Engine/Plugins/Interchange/Runtime/Content/gltf/MaterialInstances_SG/MI_Translucent.uexp" 257
"../../../Engine/Plugins/Interchange/Runtime/Content/gltf/M_Opaque.uasset" 258
"../../../Engine/Plugins/Interchange/Runtime/Content/gltf/M_Opaque.uexp" 259
"../../../Engine/Plugins/Interchange/Runtime/Content/gltf/MaterialInstances_SG/MI_Opaque_TS.uasset" 260
"../../../Engine/Plugins/Interchange/Runtime/Content/gltf/MaterialInstances_SG/MI_Opaque_TS.uexp" 261
"../../../Engine/Plugins/Interchange/Runtime/Content/gltf/MaterialFunctions/MF_Sheen.uasset" 262
"../../../Engine/Plugins/Interchange/Runtime/Content/gltf/MaterialFunctions/MF_Sheen.uexp" 263
"../../../Engine/Content/Functions/Engine_MaterialFunctions01/Shading/FuzzyShading.uasset" 264
"../../../Engine/Content/Functions/Engine_MaterialFunctions01/Shading/FuzzyShading.uexp" 265
"../../../Engine/Plugins/Interchange/Runtime/Content/gltf/M_Sheen.uasset" 266
"../../../Engine/Plugins/Interchange/Runtime/Content/gltf/M_Sheen.uexp" 267
"../../../Engine/Plugins/Interchange/Runtime/Content/gltf/MaterialInstances_SG/MI_Opaque_Sheen_TS.uasset" 268
"../../../Engine/Plugins/Interchange/Runtime/Content/gltf/MaterialInstances_SG/MI_Opaque_Sheen_TS.uexp" 269
"../../../Engine/Plugins/Interchange/Runtime/Content/gltf/MaterialInstances_SG/MI_Opaque_Sheen.uasset" 270
"../../../Engine/Plugins/Interchange/Runtime/Content/gltf/MaterialInstances_SG/MI_Opaque_Sheen.uexp" 271
"../../../Engine/Plugins/Interchange/Runtime/Content/gltf/MaterialInstances_SG/MI_Opaque_ClearCoat_TS.uasset" 272
"../../../Engine/Plugins/Interchange/Runtime/Content/gltf/MaterialInstances_SG/MI_Opaque_ClearCoat_TS.uexp" 273
"../../../Engine/Plugins/Interchange/Runtime/Content/gltf/MaterialInstances_SG/MI_Opaque_ClearCoat.uasset" 274
"../../../Engine/Plugins/Interchange/Runtime/Content/gltf/MaterialInstances_SG/MI_Opaque_ClearCoat.uexp" 275
"../../../Engine/Plugins/Interchange/Runtime/Content/gltf/MaterialInstances_SG/MI_Opaque.uasset" 276
"../../../Engine/Plugins/Interchange/Runtime/Content/gltf/MaterialInstances_SG/MI_Opaque.uexp" 277
"../../../Engine/Plugins/Interchange/Runtime/Content/gltf/MaterialInstances_MR/MI_Transmission_TS.uasset" 278
"../../../Engine/Plugins/Interchange/Runtime/Content/gltf/MaterialInstances_MR/MI_Transmission_TS.uexp" 279
"../../../Engine/Plugins/Interchange/Runtime/Content/gltf/MaterialInstances_MR/MI_Transmission.uasset" 280
"../../../Engine/Plugins/Interchange/Runtime/Content/gltf/MaterialInstances_MR/MI_Transmission.uexp" 281
"../../../Engine/Plugins/Interchange/Runtime/Content/gltf/MaterialInstances_MR/MI_Translucent_TS.uasset" 282
"../../../Engine/Plugins/Interchange/Runtime/Content/gltf/MaterialInstances_MR/MI_Translucent_TS.uexp" 283
"../../../Engine/Plugins/Interchange/Runtime/Content/gltf/MaterialInstances_MR/MI_Translucent_ClearCoat_TS.uasset" 284
"../../../Engine/Plugins/Interchange/Runtime/Content/gltf/MaterialInstances_MR/MI_Translucent_ClearCoat_TS.uexp" 285
"../../../Engine/Plugins/Interchange/Runtime/Content/gltf/MaterialInstances_MR/MI_Translucent_ClearCoat.uasset" 286
"../../../Engine/Plugins/Interchange/Runtime/Content/gltf/MaterialInstances_MR/MI_Translucent_ClearCoat.uexp" 287
"../../../Engine/Plugins/Interchange/Runtime/Content/gltf/MaterialInstances_MR/MI_Translucent.uasset" 288
"../../../Engine/Plugins/Interchange/Runtime/Content/gltf/MaterialInstances_MR/MI_Translucent.uexp" 289
"../../../Engine/Plugins/Interchange/Runtime/Content/gltf/M_Unlit.uasset" 290
"../../../Engine/Plugins/Interchange/Runtime/Content/gltf/M_Unlit.uexp" 291
"../../../Engine/Plugins/Interchange/Runtime/Content/gltf/MaterialInstances_MR/MI_Opaque_Unlit_TS.uasset" 292
"../../../Engine/Plugins/Interchange/Runtime/Content/gltf/MaterialInstances_MR/MI_Opaque_Unlit_TS.uexp" 293
"../../../Engine/Plugins/Interchange/Runtime/Content/gltf/MaterialInstances_MR/MI_Opaque_Unlit.uasset" 294
"../../../Engine/Plugins/Interchange/Runtime/Content/gltf/MaterialInstances_MR/MI_Opaque_Unlit.uexp" 295
"../../../Engine/Plugins/Interchange/Runtime/Content/gltf/MaterialInstances_MR/MI_Opaque_TS.uasset" 296
"../../../Engine/Plugins/Interchange/Runtime/Content/gltf/MaterialInstances_MR/MI_Opaque_TS.uexp" 297
"../../../Engine/Plugins/Interchange/Runtime/Content/gltf/MaterialInstances_MR/MI_Opaque_Sheen_TS.uasset" 298
"../../../Engine/Plugins/Interchange/Runtime/Content/gltf/MaterialInstances_MR/MI_Opaque_Sheen_TS.uexp" 299
"../../../Engine/Plugins/Interchange/Runtime/Content/gltf/MaterialInstances_MR/MI_Opaque_Sheen.uasset" 300
"../../../Engine/Plugins/Interchange/Runtime/Content/gltf/MaterialInstances_MR/MI_Opaque_Sheen.uexp" 301
"../../../Engine/Plugins/Interchange/Runtime/Content/gltf/MaterialInstances_MR/MI_Opaque_ClearCoat_TS.uasset" 302
"../../../Engine/Plugins/Interchange/Runtime/Content/gltf/MaterialInstances_MR/MI_Opaque_ClearCoat_TS.uexp" 303
"../../../Engine/Plugins/Interchange/Runtime/Content/gltf/MaterialInstances_MR/MI_Opaque_ClearCoat.uasset" 304
"../../../Engine/Plugins/Interchange/Runtime/Content/gltf/MaterialInstances_MR/MI_Opaque_ClearCoat.uexp" 305
"../../../Engine/Plugins/Interchange/Runtime/Content/gltf/MaterialInstances_MR/MI_Opaque.uasset" 306
"../../../Engine/Plugins/Interchange/Runtime/Content/gltf/MaterialInstances_MR/MI_Opaque.uexp" 307
"../../../Engine/Content/Functions/Engine_MaterialFunctions02/Utility/CameraDirectionVector.uasset" 308
"../../../Engine/Content/Functions/Engine_MaterialFunctions02/Utility/CameraDirectionVector.uexp" 309
"../../../Engine/Content/Functions/Engine_MaterialFunctions02/Utility/VectorLength.uasset" 310
"../../../Engine/Content/Functions/Engine_MaterialFunctions02/Utility/VectorLength.uexp" 311
"../../../Engine/Content/Functions/Engine_MaterialFunctions02/WorldPositionOffset/V2/ObjectScale.uasset" 312
"../../../Engine/Content/Functions/Engine_MaterialFunctions02/WorldPositionOffset/V2/ObjectScale.uexp" 313
"../../../Engine/Content/Functions/Engine_MaterialFunctions02/ObjectLocalBounds.uasset" 314
"../../../Engine/Content/Functions/Engine_MaterialFunctions02/ObjectLocalBounds.uexp" 315
"../../../Engine/Plugins/Interchange/Runtime/Content/gltf/MaterialFunctions/MF_TransmissionOpacity.uasset" 316
"../../../Engine/Plugins/Interchange/Runtime/Content/gltf/MaterialFunctions/MF_TransmissionOpacity.uexp" 317
"../../../Engine/Plugins/Interchange/Runtime/Content/Functions/MX_Transmission.uasset" 318
"../../../Engine/Plugins/Interchange/Runtime/Content/Functions/MX_Transmission.uexp" 319
"../../../Engine/Plugins/Interchange/Runtime/Content/Functions/MX_StandardSurface.uasset" 320
"../../../Engine/Plugins/Interchange/Runtime/Content/Functions/MX_StandardSurface.uexp" 321
"../../../Engine/Plugins/Interchange/Runtime/Content/Functions/MX_TransmissionSurface.uasset" 322
"../../../Engine/Plugins/Interchange/Runtime/Content/Functions/MX_TransmissionSurface.uexp" 323
"../../../Engine/Plugins/Editor/SpeedTreeImporter/Content/SpeedTree9/game_wind_noise.ubulk" 324
"../../../Engine/Plugins/Editor/SpeedTreeImporter/Content/SpeedTree9/game_wind_noise.uasset" 325
"../../../Engine/Plugins/Editor/SpeedTreeImporter/Content/SpeedTree9/game_wind_noise.uexp" 326
"../../../Engine/Plugins/Editor/SpeedTreeImporter/Content/SpeedTree9/UnpackDirection.uasset" 327
"../../../Engine/Plugins/Editor/SpeedTreeImporter/Content/SpeedTree9/UnpackDirection.uexp" 328
"../../../Engine/Content/Functions/Engine_MaterialFunctions02/UVs/BoundingBoxBased_0-1_UVW.uasset" 329
"../../../Engine/Content/Functions/Engine_MaterialFunctions02/UVs/BoundingBoxBased_0-1_UVW.uexp" 330
"../../../Engine/Plugins/Editor/SpeedTreeImporter/Content/SpeedTree9/UnpackInteger3.uasset" 331
"../../../Engine/Plugins/Editor/SpeedTreeImporter/Content/SpeedTree9/UnpackInteger3.uexp" 332
"../../../Engine/Plugins/Editor/SpeedTreeImporter/Content/SpeedTree9/SpeedTreeCameraFacing.uasset" 333
"../../../Engine/Plugins/Editor/SpeedTreeImporter/Content/SpeedTree9/SpeedTreeCameraFacing.uexp" 334
"../../../Engine/Content/Functions/Engine_MaterialFunctions02/WorldPositionOffset/ObjectScale.uasset" 335
"../../../Engine/Content/Functions/Engine_MaterialFunctions02/WorldPositionOffset/ObjectScale.uexp" 336
"../../../Engine/Content/Functions/Engine_MaterialFunctions02/SafeNormalize.uasset" 337
"../../../Engine/Content/Functions/Engine_MaterialFunctions02/SafeNormalize.uexp" 338
"../../../Engine/Plugins/Editor/SpeedTreeImporter/Content/SpeedTree9/SpeedTreeWindMotion.uasset" 339
"../../../Engine/Plugins/Editor/SpeedTreeImporter/Content/SpeedTree9/SpeedTreeWindMotion.uexp" 340
"../../../Engine/Plugins/Editor/SpeedTreeImporter/Content/SpeedTree9/SpeedTreeBranchMotion.uasset" 341
"../../../Engine/Plugins/Editor/SpeedTreeImporter/Content/SpeedTree9/SpeedTreeBranchMotion.uexp" 342
"../../../Engine/Plugins/Editor/SpeedTreeImporter/Content/SpeedTree9/SpeedTreeWind.uasset" 343
"../../../Engine/Plugins/Editor/SpeedTreeImporter/Content/SpeedTree9/SpeedTreeWind.uexp" 344
"../../../Engine/Plugins/Editor/SpeedTreeImporter/Content/SpeedTree9/EmptyNormal.uasset" 345
"../../../Engine/Plugins/Editor/SpeedTreeImporter/Content/SpeedTree9/EmptyNormal.uexp" 346
"../../../Engine/Plugins/Editor/SpeedTreeImporter/Content/SpeedTree9/Empty.uasset" 347
"../../../Engine/Plugins/Editor/SpeedTreeImporter/Content/SpeedTree9/Empty.uexp" 348
"../../../Engine/Plugins/Editor/SpeedTreeImporter/Content/SpeedTree9/SpeedTreeMaster.uasset" 349
"../../../Engine/Plugins/Editor/SpeedTreeImporter/Content/SpeedTree9/SpeedTreeMaster.uexp" 350
"../../../Engine/Plugins/Editor/SpeedTreeImporter/Content/SpeedTree9/SpeedTreeBillboard.uasset" 351
"../../../Engine/Plugins/Editor/SpeedTreeImporter/Content/SpeedTree9/SpeedTreeBillboard.uexp" 352
"../../../Engine/Plugins/Editor/SpeedTreeImporter/Content/SpeedTree9/SpeedTreeBillboardMaster.uasset" 353
"../../../Engine/Plugins/Editor/SpeedTreeImporter/Content/SpeedTree9/SpeedTreeBillboardMaster.uexp" 354
"../../../Engine/Content/Functions/Engine_MaterialFunctions02/WorldPositionOffset/CameraOffset.uasset" 355
"../../../Engine/Content/Functions/Engine_MaterialFunctions02/WorldPositionOffset/CameraOffset.uexp" 356
"../../../Engine/Plugins/Animation/ControlRig/Content/M_Manip.uasset" 357
"../../../Engine/Plugins/Animation/ControlRig/Content/M_Manip.uexp" 358
"../../../Engine/Plugins/Animation/ControlRig/Content/Controls/DefaultGizmoLibraryNormalized.uasset" 359
"../../../Engine/Plugins/Animation/ControlRig/Content/Controls/DefaultGizmoLibraryNormalized.uexp" 360
"../../../Engine/Plugins/Animation/ControlRig/Content/Controls/ControlRig_Wedge_solid.ubulk" 361
"../../../Engine/Plugins/Animation/ControlRig/Content/Controls/ControlRig_Wedge_solid.uasset" 362
"../../../Engine/Plugins/Animation/ControlRig/Content/Controls/ControlRig_Wedge_solid.uexp" 363
"../../../Engine/Plugins/Animation/ControlRig/Content/Controls/ControlRig_Wedge_3mm.ubulk" 364
"../../../Engine/Plugins/Animation/ControlRig/Content/Controls/ControlRig_Wedge_3mm.uasset" 365
"../../../Engine/Plugins/Animation/ControlRig/Content/Controls/ControlRig_Wedge_3mm.uexp" 366
"../../../Engine/Plugins/Animation/ControlRig/Content/Controls/ControlRig_Wedge_1mm.ubulk" 367
"../../../Engine/Plugins/Animation/ControlRig/Content/Controls/ControlRig_Wedge_1mm.uasset" 368
"../../../Engine/Plugins/Animation/ControlRig/Content/Controls/ControlRig_Wedge_1mm.uexp" 369
"../../../Engine/Plugins/Animation/ControlRig/Content/Controls/ControlRig_Triangle_solid.ubulk" 370
"../../../Engine/Plugins/Animation/ControlRig/Content/Controls/ControlRig_Triangle_solid.uasset" 371
"../../../Engine/Plugins/Animation/ControlRig/Content/Controls/ControlRig_Triangle_solid.uexp" 372
"../../../Engine/Plugins/Animation/ControlRig/Content/Controls/ControlRig_Triangle_3mm.ubulk" 373
"../../../Engine/Plugins/Animation/ControlRig/Content/Controls/ControlRig_Triangle_3mm.uasset" 374
"../../../Engine/Plugins/Animation/ControlRig/Content/Controls/ControlRig_Triangle_3mm.uexp" 375
"../../../Engine/Plugins/Animation/ControlRig/Content/Controls/ControlRig_Triangle_1mm.ubulk" 376
"../../../Engine/Plugins/Animation/ControlRig/Content/Controls/ControlRig_Triangle_1mm.uasset" 377
"../../../Engine/Plugins/Animation/ControlRig/Content/Controls/ControlRig_Triangle_1mm.uexp" 378
"../../../Engine/Plugins/Animation/ControlRig/Content/Controls/ControlRig_Star4_solid.ubulk" 379
"../../../Engine/Plugins/Animation/ControlRig/Content/Controls/ControlRig_Star4_solid.uasset" 380
"../../../Engine/Plugins/Animation/ControlRig/Content/Controls/ControlRig_Star4_solid.uexp" 381
"../../../Engine/Plugins/Animation/ControlRig/Content/Controls/ControlRig_Star4_3mm.ubulk" 382
"../../../Engine/Plugins/Animation/ControlRig/Content/Controls/ControlRig_Star4_3mm.uasset" 383
"../../../Engine/Plugins/Animation/ControlRig/Content/Controls/ControlRig_Star4_3mm.uexp" 384
"../../../Engine/Plugins/Animation/ControlRig/Content/Controls/ControlRig_Star4_1mm.ubulk" 385
"../../../Engine/Plugins/Animation/ControlRig/Content/Controls/ControlRig_Star4_1mm.uasset" 386
"../../../Engine/Plugins/Animation/ControlRig/Content/Controls/ControlRig_Star4_1mm.uexp" 387
"../../../Engine/Plugins/Animation/ControlRig/Content/Controls/ControlRig_Square_solid.ubulk" 388
"../../../Engine/Plugins/Animation/ControlRig/Content/Controls/ControlRig_Square_solid.uasset" 389
"../../../Engine/Plugins/Animation/ControlRig/Content/Controls/ControlRig_Square_solid.uexp" 390
"../../../Engine/Plugins/Animation/ControlRig/Content/Controls/ControlRig_Square_3mm.ubulk" 391
"../../../Engine/Plugins/Animation/ControlRig/Content/Controls/ControlRig_Square_3mm.uasset" 392
"../../../Engine/Plugins/Animation/ControlRig/Content/Controls/ControlRig_Square_3mm.uexp" 393
"../../../Engine/Plugins/Animation/ControlRig/Content/Controls/ControlRig_Square_1mm.ubulk" 394
"../../../Engine/Plugins/Animation/ControlRig/Content/Controls/ControlRig_Square_1mm.uasset" 395
"../../../Engine/Plugins/Animation/ControlRig/Content/Controls/ControlRig_Square_1mm.uexp" 396
"../../../Engine/Plugins/Animation/ControlRig/Content/Controls/ControlRig_Sphere_solid.ubulk" 397
"../../../Engine/Plugins/Animation/ControlRig/Content/Controls/ControlRig_Sphere_solid.uasset" 398
"../../../Engine/Plugins/Animation/ControlRig/Content/Controls/ControlRig_Sphere_solid.uexp" 399
"../../../Engine/Plugins/Animation/ControlRig/Content/Controls/ControlRig_Sphere_3mm.ubulk" 400
"../../../Engine/Plugins/Animation/ControlRig/Content/Controls/ControlRig_Sphere_3mm.uasset" 401
"../../../Engine/Plugins/Animation/ControlRig/Content/Controls/ControlRig_Sphere_3mm.uexp" 402
"../../../Engine/Plugins/Animation/ControlRig/Content/Controls/ControlRig_Sphere_1mm.ubulk" 403
"../../../Engine/Plugins/Animation/ControlRig/Content/Controls/ControlRig_Sphere_1mm.uasset" 404
"../../../Engine/Plugins/Animation/ControlRig/Content/Controls/ControlRig_Sphere_1mm.uexp" 405
"../../../Engine/Plugins/Animation/ControlRig/Content/Controls/ControlRig_RoundedTriangle_solid.ubulk" 406
"../../../Engine/Plugins/Animation/ControlRig/Content/Controls/ControlRig_RoundedTriangle_solid.uasset" 407
"../../../Engine/Plugins/Animation/ControlRig/Content/Controls/ControlRig_RoundedTriangle_solid.uexp" 408
"../../../Engine/Plugins/Animation/ControlRig/Content/Controls/ControlRig_RoundedTriangle_3mm.ubulk" 409
"../../../Engine/Plugins/Animation/ControlRig/Content/Controls/ControlRig_RoundedTriangle_3mm.uasset" 410
"../../../Engine/Plugins/Animation/ControlRig/Content/Controls/ControlRig_RoundedTriangle_3mm.uexp" 411
"../../../Engine/Plugins/Animation/ControlRig/Content/Controls/ControlRig_RoundedTriangle_1mm.ubulk" 412
"../../../Engine/Plugins/Animation/ControlRig/Content/Controls/ControlRig_RoundedTriangle_1mm.uasset" 413
"../../../Engine/Plugins/Animation/ControlRig/Content/Controls/ControlRig_RoundedTriangle_1mm.uexp" 414
"../../../Engine/Plugins/Animation/ControlRig/Content/Controls/ControlRig_RoundedSquare_solid.ubulk" 415
"../../../Engine/Plugins/Animation/ControlRig/Content/Controls/ControlRig_RoundedSquare_solid.uasset" 416
"../../../Engine/Plugins/Animation/ControlRig/Content/Controls/ControlRig_RoundedSquare_solid.uexp" 417
"../../../Engine/Plugins/Animation/ControlRig/Content/Controls/ControlRig_RoundedSquare_3mm.ubulk" 418
"../../../Engine/Plugins/Animation/ControlRig/Content/Controls/ControlRig_RoundedSquare_3mm.uasset" 419
"../../../Engine/Plugins/Animation/ControlRig/Content/Controls/ControlRig_RoundedSquare_3mm.uexp" 420
"../../../Engine/Plugins/Animation/ControlRig/Content/Controls/ControlRig_RoundedSquare_1mm.ubulk" 421
"../../../Engine/Plugins/Animation/ControlRig/Content/Controls/ControlRig_RoundedSquare_1mm.uasset" 422
"../../../Engine/Plugins/Animation/ControlRig/Content/Controls/ControlRig_RoundedSquare_1mm.uexp" 423
"../../../Engine/Plugins/Animation/ControlRig/Content/Controls/ControlRig_QuarterCircle_solid.ubulk" 424
"../../../Engine/Plugins/Animation/ControlRig/Content/Controls/ControlRig_QuarterCircle_solid.uasset" 425
"../../../Engine/Plugins/Animation/ControlRig/Content/Controls/ControlRig_QuarterCircle_solid.uexp" 426
"../../../Engine/Plugins/Animation/ControlRig/Content/Controls/ControlRig_QuarterCircle_3mm.ubulk" 427
"../../../Engine/Plugins/Animation/ControlRig/Content/Controls/ControlRig_QuarterCircle_3mm.uasset" 428
"../../../Engine/Plugins/Animation/ControlRig/Content/Controls/ControlRig_QuarterCircle_3mm.uexp" 429
"../../../Engine/Plugins/Animation/ControlRig/Content/Controls/ControlRig_QuarterCircle_1mm.ubulk" 430
"../../../Engine/Plugins/Animation/ControlRig/Content/Controls/ControlRig_QuarterCircle_1mm.uasset" 431
"../../../Engine/Plugins/Animation/ControlRig/Content/Controls/ControlRig_QuarterCircle_1mm.uexp" 432
"../../../Engine/Plugins/Animation/ControlRig/Content/Controls/ControlRig_Pyramid_solid.ubulk" 433
"../../../Engine/Plugins/Animation/ControlRig/Content/Controls/ControlRig_Pyramid_solid.uasset" 434
"../../../Engine/Plugins/Animation/ControlRig/Content/Controls/ControlRig_Pyramid_solid.uexp" 435
"../../../Engine/Plugins/Animation/ControlRig/Content/Controls/ControlRig_Pyramid_3mm.ubulk" 436
"../../../Engine/Plugins/Animation/ControlRig/Content/Controls/ControlRig_Pyramid_3mm.uasset" 437
"../../../Engine/Plugins/Animation/ControlRig/Content/Controls/ControlRig_Pyramid_3mm.uexp" 438
"../../../Engine/Plugins/Animation/ControlRig/Content/Controls/ControlRig_Pyramid_1mm.ubulk" 439
"../../../Engine/Plugins/Animation/ControlRig/Content/Controls/ControlRig_Pyramid_1mm.uasset" 440
"../../../Engine/Plugins/Animation/ControlRig/Content/Controls/ControlRig_Pyramid_1mm.uexp" 441
"../../../Engine/Plugins/Animation/ControlRig/Content/Controls/ControlRig_Octagon_solid.ubulk" 442
"../../../Engine/Plugins/Animation/ControlRig/Content/Controls/ControlRig_Octagon_solid.uasset" 443
"../../../Engine/Plugins/Animation/ControlRig/Content/Controls/ControlRig_Octagon_solid.uexp" 444
"../../../Engine/Plugins/Animation/ControlRig/Content/Controls/ControlRig_Octagon_3mm.ubulk" 445
"../../../Engine/Plugins/Animation/ControlRig/Content/Controls/ControlRig_Octagon_3mm.uasset" 446
"../../../Engine/Plugins/Animation/ControlRig/Content/Controls/ControlRig_Octagon_3mm.uexp" 447
"../../../Engine/Plugins/Animation/ControlRig/Content/Controls/ControlRig_Octagon_1mm.ubulk" 448
"../../../Engine/Plugins/Animation/ControlRig/Content/Controls/ControlRig_Octagon_1mm.uasset" 449
"../../../Engine/Plugins/Animation/ControlRig/Content/Controls/ControlRig_Octagon_1mm.uexp" 450
"../../../Engine/Plugins/Animation/ControlRig/Content/Controls/ControlRig_Hexagon_solid.ubulk" 451
"../../../Engine/Plugins/Animation/ControlRig/Content/Controls/ControlRig_Hexagon_solid.uasset" 452
"../../../Engine/Plugins/Animation/ControlRig/Content/Controls/ControlRig_Hexagon_solid.uexp" 453
"../../../Engine/Plugins/Animation/ControlRig/Content/Controls/ControlRig_Hexagon_3mm.ubulk" 454
"../../../Engine/Plugins/Animation/ControlRig/Content/Controls/ControlRig_Hexagon_3mm.uasset" 455
"../../../Engine/Plugins/Animation/ControlRig/Content/Controls/ControlRig_Hexagon_3mm.uexp" 456
"../../../Engine/Plugins/Animation/ControlRig/Content/Controls/ControlRig_Hexagon_1mm.ubulk" 457
"../../../Engine/Plugins/Animation/ControlRig/Content/Controls/ControlRig_Hexagon_1mm.uasset" 458
"../../../Engine/Plugins/Animation/ControlRig/Content/Controls/ControlRig_Hexagon_1mm.uexp" 459
"../../../Engine/Plugins/Animation/ControlRig/Content/Controls/ControlRig_HalfCircle_solid.ubulk" 460
"../../../Engine/Plugins/Animation/ControlRig/Content/Controls/ControlRig_HalfCircle_solid.uasset" 461
"../../../Engine/Plugins/Animation/ControlRig/Content/Controls/ControlRig_HalfCircle_solid.uexp" 462
"../../../Engine/Plugins/Animation/ControlRig/Content/Controls/ControlRig_HalfCircle_3mm.ubulk" 463
"../../../Engine/Plugins/Animation/ControlRig/Content/Controls/ControlRig_HalfCircle_3mm.uasset" 464
"../../../Engine/Plugins/Animation/ControlRig/Content/Controls/ControlRig_HalfCircle_3mm.uexp" 465
"../../../Engine/Plugins/Animation/ControlRig/Content/Controls/ControlRig_HalfCircle_1mm.ubulk" 466
"../../../Engine/Plugins/Animation/ControlRig/Content/Controls/ControlRig_HalfCircle_1mm.uasset" 467
"../../../Engine/Plugins/Animation/ControlRig/Content/Controls/ControlRig_HalfCircle_1mm.uexp" 468
"../../../Engine/Plugins/Animation/ControlRig/Content/Controls/ControlRig_Diamond_solid.ubulk" 469
"../../../Engine/Plugins/Animation/ControlRig/Content/Controls/ControlRig_Diamond_solid.uasset" 470
"../../../Engine/Plugins/Animation/ControlRig/Content/Controls/ControlRig_Diamond_solid.uexp" 471
"../../../Engine/Plugins/Animation/ControlRig/Content/Controls/ControlRig_Diamond_3mm.ubulk" 472
"../../../Engine/Plugins/Animation/ControlRig/Content/Controls/ControlRig_Diamond_3mm.uasset" 473
"../../../Engine/Plugins/Animation/ControlRig/Content/Controls/ControlRig_Diamond_3mm.uexp" 474
"../../../Engine/Plugins/Animation/ControlRig/Content/Controls/ControlRig_Diamond_1mm.ubulk" 475
"../../../Engine/Plugins/Animation/ControlRig/Content/Controls/ControlRig_Diamond_1mm.uasset" 476
"../../../Engine/Plugins/Animation/ControlRig/Content/Controls/ControlRig_Diamond_1mm.uexp" 477
"../../../Engine/Plugins/Animation/ControlRig/Content/Controls/ControlRig_Circle_solid.ubulk" 478
"../../../Engine/Plugins/Animation/ControlRig/Content/Controls/ControlRig_Circle_solid.uasset" 479
"../../../Engine/Plugins/Animation/ControlRig/Content/Controls/ControlRig_Circle_solid.uexp" 480
"../../../Engine/Plugins/Animation/ControlRig/Content/Controls/ControlRig_Circle_3mm.ubulk" 481
"../../../Engine/Plugins/Animation/ControlRig/Content/Controls/ControlRig_Circle_3mm.uasset" 482
"../../../Engine/Plugins/Animation/ControlRig/Content/Controls/ControlRig_Circle_3mm.uexp" 483
"../../../Engine/Plugins/Animation/ControlRig/Content/Controls/ControlRig_Circle_1mm.ubulk" 484
"../../../Engine/Plugins/Animation/ControlRig/Content/Controls/ControlRig_Circle_1mm.uasset" 485
"../../../Engine/Plugins/Animation/ControlRig/Content/Controls/ControlRig_Circle_1mm.uexp" 486
"../../../Engine/Plugins/Animation/ControlRig/Content/Controls/ControlRig_Box_solid.ubulk" 487
"../../../Engine/Plugins/Animation/ControlRig/Content/Controls/ControlRig_Box_solid.uasset" 488
"../../../Engine/Plugins/Animation/ControlRig/Content/Controls/ControlRig_Box_solid.uexp" 489
"../../../Engine/Plugins/Animation/ControlRig/Content/Controls/ControlRig_Box_3mm.ubulk" 490
"../../../Engine/Plugins/Animation/ControlRig/Content/Controls/ControlRig_Box_3mm.uasset" 491
"../../../Engine/Plugins/Animation/ControlRig/Content/Controls/ControlRig_Box_3mm.uexp" 492
"../../../Engine/Plugins/Animation/ControlRig/Content/Controls/ControlRig_Box_1mm.ubulk" 493
"../../../Engine/Plugins/Animation/ControlRig/Content/Controls/ControlRig_Box_1mm.uasset" 494
"../../../Engine/Plugins/Animation/ControlRig/Content/Controls/ControlRig_Box_1mm.uexp" 495
"../../../Engine/Plugins/Animation/ControlRig/Content/Controls/ControlRig_Arrow_solid.ubulk" 496
"../../../Engine/Plugins/Animation/ControlRig/Content/Controls/ControlRig_Arrow_solid.uasset" 497
"../../../Engine/Plugins/Animation/ControlRig/Content/Controls/ControlRig_Arrow_solid.uexp" 498
"../../../Engine/Plugins/Animation/ControlRig/Content/Controls/ControlRig_Arrow_3mm.ubulk" 499
"../../../Engine/Plugins/Animation/ControlRig/Content/Controls/ControlRig_Arrow_3mm.uasset" 500
"../../../Engine/Plugins/Animation/ControlRig/Content/Controls/ControlRig_Arrow_3mm.uexp" 501
"../../../Engine/Plugins/Animation/ControlRig/Content/Controls/ControlRig_Arrow_1mm.ubulk" 502
"../../../Engine/Plugins/Animation/ControlRig/Content/Controls/ControlRig_Arrow_1mm.uasset" 503
"../../../Engine/Plugins/Animation/ControlRig/Content/Controls/ControlRig_Arrow_1mm.uexp" 504
"../../../Engine/Plugins/Animation/ControlRig/Content/Controls/ControlRig_Arrow4_solid.ubulk" 505
"../../../Engine/Plugins/Animation/ControlRig/Content/Controls/ControlRig_Arrow4_solid.uasset" 506
"../../../Engine/Plugins/Animation/ControlRig/Content/Controls/ControlRig_Arrow4_solid.uexp" 507
"../../../Engine/Plugins/Animation/ControlRig/Content/Controls/ControlRig_Arrow4_3mm.ubulk" 508
"../../../Engine/Plugins/Animation/ControlRig/Content/Controls/ControlRig_Arrow4_3mm.uasset" 509
"../../../Engine/Plugins/Animation/ControlRig/Content/Controls/ControlRig_Arrow4_3mm.uexp" 510
"../../../Engine/Plugins/Animation/ControlRig/Content/Controls/ControlRig_Arrow4_1mm.ubulk" 511
"../../../Engine/Plugins/Animation/ControlRig/Content/Controls/ControlRig_Arrow4_1mm.uasset" 512
"../../../Engine/Plugins/Animation/ControlRig/Content/Controls/ControlRig_Arrow4_1mm.uexp" 513
"../../../Engine/Plugins/Animation/ControlRig/Content/Controls/ControlRig_Arrow2_solid.ubulk" 514
"../../../Engine/Plugins/Animation/ControlRig/Content/Controls/ControlRig_Arrow2_solid.uasset" 515
"../../../Engine/Plugins/Animation/ControlRig/Content/Controls/ControlRig_Arrow2_solid.uexp" 516
"../../../Engine/Plugins/Animation/ControlRig/Content/Controls/ControlRig_Arrow2_3mm.ubulk" 517
"../../../Engine/Plugins/Animation/ControlRig/Content/Controls/ControlRig_Arrow2_3mm.uasset" 518
"../../../Engine/Plugins/Animation/ControlRig/Content/Controls/ControlRig_Arrow2_3mm.uexp" 519
"../../../Engine/Plugins/Animation/ControlRig/Content/Controls/ControlRig_Arrow2_1mm.ubulk" 520
"../../../Engine/Plugins/Animation/ControlRig/Content/Controls/ControlRig_Arrow2_1mm.uasset" 521
"../../../Engine/Plugins/Animation/ControlRig/Content/Controls/ControlRig_Arrow2_1mm.uexp" 522
"../../../Engine/Plugins/Animation/ControlRig/Content/Controls/ControlRigXRayMaterial.uasset" 523
"../../../Engine/Plugins/Animation/ControlRig/Content/Controls/ControlRigXRayMaterial.uexp" 524
"../../../Engine/Plugins/Animation/ControlRig/Content/Controls/ControlRigGizmoMaterial.uasset" 525
"../../../Engine/Plugins/Animation/ControlRig/Content/Controls/ControlRigGizmoMaterial.uexp" 526
"../../../Engine/Plugins/2D/Paper2D/Content/PlaceholderTextures/DummySpriteTexture.ubulk" 527
"../../../Engine/Plugins/2D/Paper2D/Content/PlaceholderTextures/DummySpriteTexture.uasset" 528
"../../../Engine/Plugins/2D/Paper2D/Content/PlaceholderTextures/DummySpriteTexture.uexp" 529
"../../../Engine/Plugins/2D/Paper2D/Content/DefaultSpriteMaterial.uasset" 530
"../../../Engine/Plugins/2D/Paper2D/Content/DefaultSpriteMaterial.uexp" 531
"../../../Engine/Plugins/2D/Paper2D/Content/OpaqueUnlitSpriteMaterial.uasset" 532
"../../../Engine/Plugins/2D/Paper2D/Content/OpaqueUnlitSpriteMaterial.uexp" 533
"../../../Engine/Plugins/2D/Paper2D/Content/MaskedUnlitSpriteMaterial.uasset" 534
"../../../Engine/Plugins/2D/Paper2D/Content/MaskedUnlitSpriteMaterial.uexp" 535
"../../../Engine/Plugins/2D/Paper2D/Content/DummySprite.uasset" 536
"../../../Engine/Plugins/2D/Paper2D/Content/DummySprite.uexp" 537
"../../../Engine/Plugins/2D/Paper2D/Content/DefaultPaperTerrainMaterial.uasset" 538
"../../../Engine/Plugins/2D/Paper2D/Content/DefaultPaperTerrainMaterial.uexp" 539
"../../../Engine/Content/MobileResources/HUD/VirtualJoystick_Background.uasset" 540
"../../../Engine/Content/MobileResources/HUD/VirtualJoystick_Background.uexp" 541
"../../../Engine/Content/MobileResources/HUD/VirtualJoystick_Thumb.uasset" 542
"../../../Engine/Content/MobileResources/HUD/VirtualJoystick_Thumb.uexp" 543
"../../../Engine/Content/MobileResources/HUD/DefaultVirtualJoysticks.uasset" 544
"../../../Engine/Content/MobileResources/HUD/DefaultVirtualJoysticks.uexp" 545
"../../../Engine/Content/Functions/Engine_MaterialFunctions01/Shading/PowerToRoughness.uasset" 546
"../../../Engine/Content/Functions/Engine_MaterialFunctions01/Shading/PowerToRoughness.uexp" 547
"../../../Engine/Content/EngineSounds/Master.uasset" 548
"../../../Engine/Content/EngineSounds/Master.uexp" 549
"../../../Engine/Content/EngineSky/VolumetricClouds/CloudWeatherTexture.uasset" 550
"../../../Engine/Content/EngineSky/VolumetricClouds/CloudWeatherTexture.uexp" 551
"../../../Engine/Content/Functions/Engine_MaterialFunctions02/Utility/MakeFloat2.uasset" 552
"../../../Engine/Content/Functions/Engine_MaterialFunctions02/Utility/MakeFloat2.uexp" 553
"../../../Engine/Content/EngineSky/VolumetricClouds/CloudGradientTexture.uasset" 554
"../../../Engine/Content/EngineSky/VolumetricClouds/CloudGradientTexture.uexp" 555
"../../../Engine/Content/EngineSky/VolumetricClouds/T_NoiseShape64.ubulk" 556
"../../../Engine/Content/EngineSky/VolumetricClouds/T_NoiseShape64.uasset" 557
"../../../Engine/Content/EngineSky/VolumetricClouds/T_NoiseShape64.uexp" 558
"../../../Engine/Content/EngineSky/VolumetricClouds/T_VolumeNoiseShape64.uasset" 559
"../../../Engine/Content/EngineSky/VolumetricClouds/T_VolumeNoiseShape64.uexp" 560
"../../../Engine/Content/EngineSky/VolumetricClouds/T_NoiseErosion.ubulk" 561
"../../../Engine/Content/EngineSky/VolumetricClouds/T_NoiseErosion.uasset" 562
"../../../Engine/Content/EngineSky/VolumetricClouds/T_NoiseErosion.uexp" 563
"../../../Engine/Content/EngineSky/VolumetricClouds/T_VolumeNoiseErosion32.uasset" 564
"../../../Engine/Content/EngineSky/VolumetricClouds/T_VolumeNoiseErosion32.uexp" 565
"../../../Engine/Content/EngineSky/VolumetricClouds/m_SimpleVolumetricCloud.uasset" 566
"../../../Engine/Content/EngineSky/VolumetricClouds/m_SimpleVolumetricCloud.uexp" 567
"../../../Engine/Content/EngineSky/VolumetricClouds/m_SimpleVolumetricCloud_Inst.uasset" 568
"../../../Engine/Content/EngineSky/VolumetricClouds/m_SimpleVolumetricCloud_Inst.uexp" 569
"../../../Engine/Content/EngineResources/FilmGrains/Marcie_Grain_v3_128_M2_000.uasset" 570
"../../../Engine/Content/EngineResources/FilmGrains/Marcie_Grain_v3_128_M2_000.uexp" 571
"../../../Engine/Content/EngineResources/WhiteSquareTexture.uasset" 572
"../../../Engine/Content/EngineResources/WhiteSquareTexture.uexp" 573
"../../../Engine/Content/EngineMaterials/Widget3DPassThrough.uasset" 574
"../../../Engine/Content/EngineMaterials/Widget3DPassThrough.uexp" 575
"../../../Engine/Content/EngineMaterials/Widget3DPassThrough_Translucent.uasset" 576
"../../../Engine/Content/EngineMaterials/Widget3DPassThrough_Translucent.uexp" 577
"../../../Engine/Content/EngineMaterials/Widget3DPassThrough_Translucent_OneSided.uasset" 578
"../../../Engine/Content/EngineMaterials/Widget3DPassThrough_Translucent_OneSided.uexp" 579
"../../../Engine/Content/EngineMaterials/Widget3DPassThrough_Opaque.uasset" 580
"../../../Engine/Content/EngineMaterials/Widget3DPassThrough_Opaque.uexp" 581
"../../../Engine/Content/EngineMaterials/Widget3DPassThrough_Opaque_OneSided.uasset" 582
"../../../Engine/Content/EngineMaterials/Widget3DPassThrough_Opaque_OneSided.uexp" 583
"../../../Engine/Content/EngineMaterials/Widget3DPassThrough_Masked_OneSided.uasset" 584
"../../../Engine/Content/EngineMaterials/Widget3DPassThrough_Masked_OneSided.uexp" 585
"../../../Engine/Content/EngineMaterials/Widget3DPassThrough_Masked.uasset" 586
"../../../Engine/Content/EngineMaterials/Widget3DPassThrough_Masked.uexp" 587
"../../../Engine/Content/EngineMaterials/STBlueNoise_vec2_128x128x64.uasset" 588
"../../../Engine/Content/EngineMaterials/STBlueNoise_vec2_128x128x64.uexp" 589
"../../../Engine/Content/EngineMaterials/STBlueNoise_scalar_128x128x64.uasset" 590
"../../../Engine/Content/EngineMaterials/STBlueNoise_scalar_128x128x64.uexp" 591
"../../../Engine/Content/EngineMaterials/RemoveSurfaceMaterial.uasset" 592
"../../../Engine/Content/EngineMaterials/RemoveSurfaceMaterial.uexp" 593
"../../../Engine/Content/EngineMaterials/DefaultCalibrationGrayscale.uasset" 594
"../../../Engine/Content/EngineMaterials/DefaultCalibrationGrayscale.uexp" 595
"../../../Engine/Content/EngineMaterials/PPM_DefaultCalibrationGrayscale.uasset" 596
"../../../Engine/Content/EngineMaterials/PPM_DefaultCalibrationGrayscale.uexp" 597
"../../../Engine/Content/EngineMaterials/DefaultCalibrationColor.uasset" 598
"../../../Engine/Content/EngineMaterials/DefaultCalibrationColor.uexp" 599
"../../../Engine/Content/EngineMaterials/PPM_DefaultCalibrationColor.uasset" 600
"../../../Engine/Content/EngineMaterials/PPM_DefaultCalibrationColor.uexp" 601
"../../../Engine/Content/EngineMaterials/PhAT_JointLimitMaterial.uasset" 602
"../../../Engine/Content/EngineMaterials/PhAT_JointLimitMaterial.uexp" 603
"../../../Engine/Content/EngineMaterials/InvalidLightmapSettings.ubulk" 604
"../../../Engine/Content/EngineMaterials/InvalidLightmapSettings.uasset" 605
"../../../Engine/Content/EngineMaterials/InvalidLightmapSettings.uexp" 606
"../../../Engine/Content/EngineMaterials/M_InvalidLightmapSettings.uasset" 607
"../../../Engine/Content/EngineMaterials/M_InvalidLightmapSettings.uexp" 608
"../../../Engine/Content/EngineMaterials/GizmoMaterial.uasset" 609
"../../../Engine/Content/EngineMaterials/GizmoMaterial.uexp" 610
"../../../Engine/Content/EngineMaterials/BaseFlattenEmissiveMap_VT.uasset" 611
"../../../Engine/Content/EngineMaterials/BaseFlattenEmissiveMap_VT.uexp" 612
"../../../Engine/Content/EngineMaterials/BaseFlattenGrayscaleMap_VT.uasset" 613
"../../../Engine/Content/EngineMaterials/BaseFlattenGrayscaleMap_VT.uexp" 614
"../../../Engine/Content/EngineMaterials/BaseFlattenLinearColor_VT.uasset" 615
"../../../Engine/Content/EngineMaterials/BaseFlattenLinearColor_VT.uexp" 616
"../../../Engine/Content/EngineMaterials/Black_1x1_EXR_Texture_VT.uasset" 617
"../../../Engine/Content/EngineMaterials/Black_1x1_EXR_Texture_VT.uexp" 618
"../../../Engine/Content/EngineMaterials/BaseFlattenDiffuseMap_VT.uasset" 619
"../../../Engine/Content/EngineMaterials/BaseFlattenDiffuseMap_VT.uexp" 620
"../../../Engine/Content/EngineMaterials/BaseFlattenNormalMap_VT.uasset" 621
"../../../Engine/Content/EngineMaterials/BaseFlattenNormalMap_VT.uexp" 622
"../../../Engine/Content/EngineMaterials/FlattenMaterial_WS_Normal_VT.uasset" 623
"../../../Engine/Content/EngineMaterials/FlattenMaterial_WS_Normal_VT.uexp" 624
"../../../Engine/Content/EngineMaterials/FlattenMaterial_VT.uasset" 625
"../../../Engine/Content/EngineMaterials/FlattenMaterial_VT.uexp" 626
"../../../Engine/Content/EngineMaterials/BaseFlattenNormalMap.uasset" 627
"../../../Engine/Content/EngineMaterials/BaseFlattenNormalMap.uexp" 628
"../../../Engine/Content/EngineMaterials/BaseFlattenGrayscaleMap.uasset" 629
"../../../Engine/Content/EngineMaterials/BaseFlattenGrayscaleMap.uexp" 630
"../../../Engine/Content/EngineMaterials/BaseFlattenDiffuseMap.uasset" 631
"../../../Engine/Content/EngineMaterials/BaseFlattenDiffuseMap.uexp" 632
"../../../Engine/Content/Functions/Engine_MaterialFunctions02/PivotPainter2/Black_1x1_EXR_Texture.uasset" 633
"../../../Engine/Content/Functions/Engine_MaterialFunctions02/PivotPainter2/Black_1x1_EXR_Texture.uexp" 634
"../../../Engine/Content/EngineMaterials/BaseFlattenEmissiveMap.uasset" 635
"../../../Engine/Content/EngineMaterials/BaseFlattenEmissiveMap.uexp" 636
"../../../Engine/Content/EngineMaterials/FlattenMaterial.uasset" 637
"../../../Engine/Content/EngineMaterials/FlattenMaterial.uexp" 638
"../../../Engine/Content/EngineMaterials/DefaultWhiteGrid_Low.uasset" 639
"../../../Engine/Content/EngineMaterials/DefaultWhiteGrid_Low.uexp" 640
"../../../Engine/Content/EngineMaterials/EmissiveMeshMaterial.uasset" 641
"../../../Engine/Content/EngineMaterials/EmissiveMeshMaterial.uexp" 642
"../../../Engine/Content/EngineFonts/RobotoDistanceField.uasset" 643
"../../../Engine/Content/EngineFonts/RobotoDistanceField.uexp" 644
"../../../Engine/Content/EngineMaterials/DefaultTextMaterialOpaque.uasset" 645
"../../../Engine/Content/EngineMaterials/DefaultTextMaterialOpaque.uexp" 646
"../../../Engine/Content/EngineMaterials/DefaultDiffuse.ubulk" 647
"../../../Engine/Content/EngineMaterials/DefaultDiffuse.uasset" 648
"../../../Engine/Content/EngineMaterials/DefaultDiffuse.uexp" 649
"../../../Engine/Content/Functions/Engine_MaterialFunctions02/Utility/BreakOutFloat2Components.uasset" 650
"../../../Engine/Content/Functions/Engine_MaterialFunctions02/Utility/BreakOutFloat2Components.uexp" 651
"../../../Engine/Content/EngineMaterials/DefaultPostProcessMaterial.uasset" 652
"../../../Engine/Content/EngineMaterials/DefaultPostProcessMaterial.uexp" 653
"../../../Engine/Content/EngineMaterials/DefaultPhysicalMaterial.uasset" 654
"../../../Engine/Content/EngineMaterials/DefaultPhysicalMaterial.uexp" 655
"../../../Engine/Content/EngineMaterials/DefaultLightFunctionMaterial.uasset" 656
"../../../Engine/Content/EngineMaterials/DefaultLightFunctionMaterial.uexp" 657
"../../../Engine/Content/EngineMaterials/DefaultDestructiblePhysicalMaterial.uasset" 658
"../../../Engine/Content/EngineMaterials/DefaultDestructiblePhysicalMaterial.uexp" 659
"../../../Engine/Content/EngineMaterials/DefaultDeferredDecalMaterial.uasset" 660
"../../../Engine/Content/EngineMaterials/DefaultDeferredDecalMaterial.uexp" 661
"../../../Engine/Content/EngineMaterials/DefaultBloomKernel.uasset" 662
"../../../Engine/Content/EngineMaterials/DefaultBloomKernel.uexp" 663
"../../../Engine/Content/EngineFonts/Faces/RobotoLight.uexp" 664
"../../../Engine/Content/EngineFonts/Faces/RobotoLight.uasset" 665
"../../../Engine/Content/EngineFonts/Faces/RobotoLight.ufont" 666
"../../../Engine/Content/EngineFonts/Faces/RobotoBold.uexp" 667
"../../../Engine/Content/EngineFonts/Faces/RobotoBold.uasset" 668
"../../../Engine/Content/EngineFonts/Faces/RobotoBold.ufont" 669
"../../../Engine/Content/EngineFonts/Faces/RobotoRegular.uexp" 670
"../../../Engine/Content/EngineFonts/Faces/RobotoRegular.uasset" 671
"../../../Engine/Content/EngineFonts/Faces/RobotoRegular.ufont" 672
"../../../Engine/Content/EngineFonts/Faces/DroidSansFallback.uexp" 673
"../../../Engine/Content/EngineFonts/Faces/DroidSansFallback.uasset" 674
"../../../Engine/Content/EngineFonts/Faces/DroidSansFallback.ufont" 675
"../../../Engine/Content/EngineFonts/Faces/RobotoItalic.uexp" 676
"../../../Engine/Content/EngineFonts/Faces/RobotoItalic.uasset" 677
"../../../Engine/Content/EngineFonts/Faces/RobotoItalic.ufont" 678
"../../../Engine/Content/EngineFonts/Faces/RobotoBoldItalic.uexp" 679
"../../../Engine/Content/EngineFonts/Faces/RobotoBoldItalic.uasset" 680
"../../../Engine/Content/EngineFonts/Faces/RobotoBoldItalic.ufont" 681
"../../../Engine/Content/EngineFonts/Roboto.uasset" 682
"../../../Engine/Content/EngineFonts/Roboto.uexp" 683
"../../../Engine/Content/EngineDebugMaterials/VolumeToRender.uasset" 684
"../../../Engine/Content/EngineDebugMaterials/VolumeToRender.uexp" 685
"../../../Engine/Content/EngineDebugMaterials/M_VolumeRenderSphereTracePP.uasset" 686
"../../../Engine/Content/EngineDebugMaterials/M_VolumeRenderSphereTracePP.uexp" 687
"../../../Engine/Content/EngineDebugMaterials/M_SimpleUnlitTranslucent.uasset" 688
"../../../Engine/Content/EngineDebugMaterials/M_SimpleUnlitTranslucent.uexp" 689
"../../../Engine/Content/EngineDebugMaterials/DebugMeshMaterial.uasset" 690
"../../../Engine/Content/EngineDebugMaterials/DebugMeshMaterial.uexp" 691
"../../../Engine/Content/EngineDebugMaterials/DebugEditorMaterial.uasset" 692
"../../../Engine/Content/EngineDebugMaterials/DebugEditorMaterial.uexp" 693
"../../../Engine/Content/EngineDamageTypes/DmgTypeBP_Environmental.uasset" 694
"../../../Engine/Content/EngineDamageTypes/DmgTypeBP_Environmental.uexp" 695
"../../../Engine/Content/EditorResources/S_Terrain.ubulk" 696
"../../../Engine/Content/EditorResources/S_Terrain.uasset" 697
"../../../Engine/Content/EditorResources/S_Terrain.uexp" 698
"../../../Engine/Content/EditorResources/EmptyActor.uasset" 699
"../../../Engine/Content/EditorResources/EmptyActor.uexp" 700
"../../../Engine/Content/EditorResources/BSPVertex.uasset" 701
"../../../Engine/Content/EditorResources/BSPVertex.uexp" 702
"../../../Engine/Content/EditorResources/SequenceRecorder/RecordingIndicator.uasset" 703
"../../../Engine/Content/EditorResources/SequenceRecorder/RecordingIndicator.uexp" 704
"../../../Engine/Content/EditorResources/SequenceRecorder/Countdown.uasset" 705
"../../../Engine/Content/EditorResources/SequenceRecorder/Countdown.uexp" 706
"../../../Engine/Content/EditorMaterials/PreviewShadowIndicator.ubulk" 707
"../../../Engine/Content/EditorMaterials/PreviewShadowIndicator.uasset" 708
"../../../Engine/Content/EditorMaterials/PreviewShadowIndicator.uexp" 709
"../../../Engine/Content/EditorMaterials/PreviewShadowIndicatorMaterial.uasset" 710
"../../../Engine/Content/EditorMaterials/PreviewShadowIndicatorMaterial.uexp" 711
"../../../Engine/Content/EditorMaterials/PhAT_UnselectedMaterial.uasset" 712
"../../../Engine/Content/EditorMaterials/PhAT_UnselectedMaterial.uexp" 713
"../../../Engine/Content/EditorMaterials/PhAT_NoCollisionMaterial.uasset" 714
"../../../Engine/Content/EditorMaterials/PhAT_NoCollisionMaterial.uexp" 715
"../../../Engine/Content/Functions/Engine_MaterialFunctions02/Utility/MakeFloat4.uasset" 716
"../../../Engine/Content/Functions/Engine_MaterialFunctions02/Utility/MakeFloat4.uexp" 717
"../../../Engine/Content/EditorMaterials/WorldPartition/WorldPartitionSpatialHashGridPreviewMaterial.uasset" 718
"../../../Engine/Content/EditorMaterials/WorldPartition/WorldPartitionSpatialHashGridPreviewMaterial.uexp" 719
"../../../Engine/Content/EditorLandscapeResources/DefaultAlphaTexture.uasset" 720
"../../../Engine/Content/EditorLandscapeResources/DefaultAlphaTexture.uexp" 721
"../../../Engine/Content/EditorLandscapeResources/DataLayer.uasset" 722
"../../../Engine/Content/EditorLandscapeResources/DataLayer.uexp" 723
"../../../Engine/Content/EngineMaterials/DefaultMaterial.uasset" 724
"../../../Engine/Content/EngineMaterials/DefaultMaterial.uexp" 725
"../../../Engine/Content/BasicShapes/Sphere.ubulk" 726
"../../../Engine/Content/BasicShapes/Sphere.uasset" 727
"../../../Engine/Content/BasicShapes/Sphere.uexp" 728
"../../../Engine/Content/BasicShapes/Plane.ubulk" 729
"../../../Engine/Content/BasicShapes/Plane.uasset" 730
"../../../Engine/Content/BasicShapes/Plane.uexp" 731
"../../../Engine/Content/BasicShapes/Cone.ubulk" 732
"../../../Engine/Content/BasicShapes/Cone.uasset" 733
"../../../Engine/Content/BasicShapes/Cone.uexp" 734
"../../../Engine/Content/Animation/DefaultRecorderBoneCompression.uasset" 735
"../../../Engine/Content/Animation/DefaultRecorderBoneCompression.uexp" 736
"../../../Engine/Content/BasicShapes/Cube.ubulk" 737
"../../../Engine/Content/BasicShapes/Cube.uasset" 738
"../../../Engine/Content/BasicShapes/Cube.uexp" 739
"../../../Engine/Content/BasicShapes/Cylinder.ubulk" 740
"../../../Engine/Content/BasicShapes/Cylinder.uasset" 741
"../../../Engine/Content/BasicShapes/Cylinder.uexp" 742
"../../../Engine/Content/MapTemplates/Materials/BasicAsset02.uasset" 743
"../../../Engine/Content/MapTemplates/Materials/BasicAsset02.uexp" 744
"../../../Engine/Content/EngineSky/T_Sky_Stars.ubulk" 745
"../../../Engine/Content/EngineSky/T_Sky_Stars.uasset" 746
"../../../Engine/Content/EngineSky/T_Sky_Stars.uexp" 747
"../../../Engine/Content/EngineSky/T_Sky_Clouds_M.ubulk" 748
"../../../Engine/Content/EngineSky/T_Sky_Clouds_M.uasset" 749
"../../../Engine/Content/EngineSky/T_Sky_Clouds_M.uexp" 750
"../../../Engine/Content/EngineSky/T_Sky_Blue.ubulk" 751
"../../../Engine/Content/EngineSky/T_Sky_Blue.uasset" 752
"../../../Engine/Content/EngineSky/T_Sky_Blue.uexp" 753
"../../../Engine/Content/EngineSky/M_Sky_Panning_Clouds2.uasset" 754
"../../../Engine/Content/EngineSky/M_Sky_Panning_Clouds2.uexp" 755
"../../../Engine/Content/EngineSky/SM_SkySphere.ubulk" 756
"../../../Engine/Content/EngineSky/SM_SkySphere.uasset" 757
"../../../Engine/Content/EngineSky/SM_SkySphere.uexp" 758
"D:/Arena Shooter/ArenaShooter/Content/Main/Env_Wall2_BaseColor.ubulk" 759
"D:/Arena Shooter/ArenaShooter/Content/Main/Env_Wall2_BaseColor.uasset" 760
"D:/Arena Shooter/ArenaShooter/Content/Main/Env_Wall2_BaseColor.uexp" 761
"D:/Arena Shooter/ArenaShooter/Content/Main/Env_Wall1_Roughness.ubulk" 762
"D:/Arena Shooter/ArenaShooter/Content/Main/Env_Wall1_Roughness.uasset" 763
"D:/Arena Shooter/ArenaShooter/Content/Main/Env_Wall1_Roughness.uexp" 764
"D:/Arena Shooter/ArenaShooter/Content/Main/Env_Wall2_Emissive.ubulk" 765
"D:/Arena Shooter/ArenaShooter/Content/Main/Env_Wall2_Emissive.uasset" 766
"D:/Arena Shooter/ArenaShooter/Content/Main/Env_Wall2_Emissive.uexp" 767
"D:/Arena Shooter/ArenaShooter/Content/Main/Mat.uasset" 768
"D:/Arena Shooter/ArenaShooter/Content/Main/Mat.uexp" 769
"D:/Arena Shooter/ArenaShooter/Content/Main/CurvedWall.ubulk" 770
"D:/Arena Shooter/ArenaShooter/Content/Main/CurvedWall.uasset" 771
"D:/Arena Shooter/ArenaShooter/Content/Main/CurvedWall.uexp" 772
"D:/Arena Shooter/ArenaShooter/Content/FPS_Weapon_Bundle/Weapons/Textures/AR4/T_AR4_ALB.ubulk" 773
"D:/Arena Shooter/ArenaShooter/Content/FPS_Weapon_Bundle/Weapons/Textures/AR4/T_AR4_ALB.uasset" 774
"D:/Arena Shooter/ArenaShooter/Content/FPS_Weapon_Bundle/Weapons/Textures/AR4/T_AR4_ALB.uexp" 775
"D:/Arena Shooter/ArenaShooter/Content/FPS_Weapon_Bundle/Weapons/Textures/AR4/T_AR4_M_MSK.ubulk" 776
"D:/Arena Shooter/ArenaShooter/Content/FPS_Weapon_Bundle/Weapons/Textures/AR4/T_AR4_M_MSK.uasset" 777
"D:/Arena Shooter/ArenaShooter/Content/FPS_Weapon_Bundle/Weapons/Textures/AR4/T_AR4_M_MSK.uexp" 778
"D:/Arena Shooter/ArenaShooter/Content/FPS_Weapon_Bundle/Weapons/Textures/Patterns/T_Stripes__Pattern.ubulk" 779
"D:/Arena Shooter/ArenaShooter/Content/FPS_Weapon_Bundle/Weapons/Textures/Patterns/T_Stripes__Pattern.uasset" 780
"D:/Arena Shooter/ArenaShooter/Content/FPS_Weapon_Bundle/Weapons/Textures/Patterns/T_Stripes__Pattern.uexp" 781
"D:/Arena Shooter/ArenaShooter/Content/FPS_Weapon_Bundle/Weapons/Textures/KA74U/T_KA74U_NRM.ubulk" 782
"D:/Arena Shooter/ArenaShooter/Content/FPS_Weapon_Bundle/Weapons/Textures/KA74U/T_KA74U_NRM.uasset" 783
"D:/Arena Shooter/ArenaShooter/Content/FPS_Weapon_Bundle/Weapons/Textures/KA74U/T_KA74U_NRM.uexp" 784
"D:/Arena Shooter/ArenaShooter/Content/FPS_Weapon_Bundle/Weapons/Textures/KA74U/T_KA74U_M_MSK.ubulk" 785
"D:/Arena Shooter/ArenaShooter/Content/FPS_Weapon_Bundle/Weapons/Textures/KA74U/T_KA74U_M_MSK.uasset" 786
"D:/Arena Shooter/ArenaShooter/Content/FPS_Weapon_Bundle/Weapons/Textures/KA74U/T_KA74U_M_MSK.uexp" 787
"D:/Arena Shooter/ArenaShooter/Content/FPS_Weapon_Bundle/Weapons/Textures/KA74U/T_KA74U_ALB.ubulk" 788
"D:/Arena Shooter/ArenaShooter/Content/FPS_Weapon_Bundle/Weapons/Textures/KA74U/T_KA74U_ALB.uasset" 789
"D:/Arena Shooter/ArenaShooter/Content/FPS_Weapon_Bundle/Weapons/Textures/KA74U/T_KA74U_ALB.uexp" 790
"D:/Arena Shooter/ArenaShooter/Content/FPS_Weapon_Bundle/Weapons/Materials/Master_Material/M_Weapon_Master_USE.uasset" 791
"D:/Arena Shooter/ArenaShooter/Content/FPS_Weapon_Bundle/Weapons/Materials/Master_Material/M_Weapon_Master_USE.uexp" 792
"D:/Arena Shooter/ArenaShooter/Content/FPS_Weapon_Bundle/Weapons/Textures/AR4/T_AR4_NRM.ubulk" 793
"D:/Arena Shooter/ArenaShooter/Content/FPS_Weapon_Bundle/Weapons/Textures/AR4/T_AR4_NRM.uasset" 794
"D:/Arena Shooter/ArenaShooter/Content/FPS_Weapon_Bundle/Weapons/Textures/AR4/T_AR4_NRM.uexp" 795
"D:/Arena Shooter/ArenaShooter/Content/FPS_Weapon_Bundle/Weapons/Materials/AR4/M_AR4.uasset" 796
"D:/Arena Shooter/ArenaShooter/Content/FPS_Weapon_Bundle/Weapons/Materials/AR4/M_AR4.uexp" 797
"D:/Arena Shooter/ArenaShooter/Content/FPS_Weapon_Bundle/Weapons/Meshes/AR4/SK_AR4_Physics.uasset" 798
"D:/Arena Shooter/ArenaShooter/Content/FPS_Weapon_Bundle/Weapons/Meshes/AR4/SK_AR4_Physics.uexp" 799
"D:/Arena Shooter/ArenaShooter/Content/FPS_Weapon_Bundle/Weapons/Textures/Ammunition/T_762x39_ALB.ubulk" 800
"D:/Arena Shooter/ArenaShooter/Content/FPS_Weapon_Bundle/Weapons/Textures/Ammunition/T_762x39_ALB.uasset" 801
"D:/Arena Shooter/ArenaShooter/Content/FPS_Weapon_Bundle/Weapons/Textures/Ammunition/T_762x39_ALB.uexp" 802
"D:/Arena Shooter/ArenaShooter/Content/FPS_Weapon_Bundle/Weapons/Textures/Ammunition/T_762x39_M_MSK.ubulk" 803
"D:/Arena Shooter/ArenaShooter/Content/FPS_Weapon_Bundle/Weapons/Textures/Ammunition/T_762x39_M_MSK.uasset" 804
"D:/Arena Shooter/ArenaShooter/Content/FPS_Weapon_Bundle/Weapons/Textures/Ammunition/T_762x39_M_MSK.uexp" 805
"D:/Arena Shooter/ArenaShooter/Content/FPS_Weapon_Bundle/Weapons/Textures/Ammunition/T_762x39_NRM.ubulk" 806
"D:/Arena Shooter/ArenaShooter/Content/FPS_Weapon_Bundle/Weapons/Textures/Ammunition/T_762x39_NRM.uasset" 807
"D:/Arena Shooter/ArenaShooter/Content/FPS_Weapon_Bundle/Weapons/Textures/Ammunition/T_762x39_NRM.uexp" 808
"D:/Arena Shooter/ArenaShooter/Content/FPS_Weapon_Bundle/Weapons/Materials/Ammunition/M_762x39_Empty.uasset" 809
"D:/Arena Shooter/ArenaShooter/Content/FPS_Weapon_Bundle/Weapons/Materials/Ammunition/M_762x39_Empty.uexp" 810
"D:/Arena Shooter/ArenaShooter/Content/FPS_Weapon_Bundle/Weapons/Meshes/AR4/SK_AR4_Skeleton.uasset" 811
"D:/Arena Shooter/ArenaShooter/Content/FPS_Weapon_Bundle/Weapons/Meshes/AR4/SK_AR4_Skeleton.uexp" 812
"D:/Arena Shooter/ArenaShooter/Content/FPS_Weapon_Bundle/Weapons/Meshes/AR4/SK_AR4.uasset" 813
"D:/Arena Shooter/ArenaShooter/Content/FPS_Weapon_Bundle/Weapons/Meshes/AR4/SK_AR4.uexp" 814
"D:/Arena Shooter/ArenaShooter/Content/Weapon/EFireMode.uasset" 815
"D:/Arena Shooter/ArenaShooter/Content/Weapon/EFireMode.uexp" 816
"D:/Arena Shooter/ArenaShooter/Content/Mannequin/Character/Textures/UE4_Mannequin_MAT_MASKA.ubulk" 817
"D:/Arena Shooter/ArenaShooter/Content/Mannequin/Character/Textures/UE4_Mannequin_MAT_MASKA.uasset" 818
"D:/Arena Shooter/ArenaShooter/Content/Mannequin/Character/Textures/UE4_Mannequin_MAT_MASKA.uexp" 819
"../../../Engine/Content/Functions/Engine_MaterialFunctions02/Utility/BlendAngleCorrectedNormals.uasset" 820
"../../../Engine/Content/Functions/Engine_MaterialFunctions02/Utility/BlendAngleCorrectedNormals.uexp" 821
"../../../Engine/Content/Functions/MaterialLayerFunctions/MatLayerBlend_NormalBlend.uasset" 822
"../../../Engine/Content/Functions/MaterialLayerFunctions/MatLayerBlend_NormalBlend.uexp" 823
"D:/Arena Shooter/ArenaShooter/Content/Mannequin/Character/Materials/MaterialLayers/ML_Plastic_Shiny_Beige.uasset" 824
"D:/Arena Shooter/ArenaShooter/Content/Mannequin/Character/Materials/MaterialLayers/ML_Plastic_Shiny_Beige.uexp" 825
"D:/Arena Shooter/ArenaShooter/Content/Mannequin/Character/Textures/UE4_LOGO_CARD.ubulk" 826
"D:/Arena Shooter/ArenaShooter/Content/Mannequin/Character/Textures/UE4_LOGO_CARD.uasset" 827
"D:/Arena Shooter/ArenaShooter/Content/Mannequin/Character/Textures/UE4_LOGO_CARD.uexp" 828
"D:/Arena Shooter/ArenaShooter/Content/Mannequin/Character/Materials/MaterialLayers/ML_Plastic_Shiny_Beige_LOGO.uasset" 829
"D:/Arena Shooter/ArenaShooter/Content/Mannequin/Character/Materials/MaterialLayers/ML_Plastic_Shiny_Beige_LOGO.uexp" 830
"D:/Arena Shooter/ArenaShooter/Content/Mannequin/Character/Textures/UE4_Mannequin__normals.ubulk" 831
"D:/Arena Shooter/ArenaShooter/Content/Mannequin/Character/Textures/UE4_Mannequin__normals.uasset" 832
"D:/Arena Shooter/ArenaShooter/Content/Mannequin/Character/Textures/UE4_Mannequin__normals.uexp" 833
"../../../Engine/Content/Functions/MaterialLayerFunctions/MatLayerBlend_Simple.uasset" 834
"../../../Engine/Content/Functions/MaterialLayerFunctions/MatLayerBlend_Simple.uexp" 835
"D:/Arena Shooter/ArenaShooter/Content/Mannequin/Character/Materials/MaterialLayers/T_ML_Aluminum01_N.ubulk" 836
"D:/Arena Shooter/ArenaShooter/Content/Mannequin/Character/Materials/MaterialLayers/T_ML_Aluminum01_N.uasset" 837
"D:/Arena Shooter/ArenaShooter/Content/Mannequin/Character/Materials/MaterialLayers/T_ML_Aluminum01_N.uexp" 838
"D:/Arena Shooter/ArenaShooter/Content/Mannequin/Character/Materials/MaterialLayers/T_ML_Aluminum01.ubulk" 839
"D:/Arena Shooter/ArenaShooter/Content/Mannequin/Character/Materials/MaterialLayers/T_ML_Aluminum01.uasset" 840
"D:/Arena Shooter/ArenaShooter/Content/Mannequin/Character/Materials/MaterialLayers/T_ML_Aluminum01.uexp" 841
"D:/Arena Shooter/ArenaShooter/Content/Mannequin/Character/Materials/MaterialLayers/ML_SoftMetal_UE4.uasset" 842
"D:/Arena Shooter/ArenaShooter/Content/Mannequin/Character/Materials/MaterialLayers/ML_SoftMetal_UE4.uexp" 843
"D:/Arena Shooter/ArenaShooter/Content/Mannequin/Character/Materials/MaterialLayers/T_ML_Rubber_Blue_01_N.ubulk" 844
"D:/Arena Shooter/ArenaShooter/Content/Mannequin/Character/Materials/MaterialLayers/T_ML_Rubber_Blue_01_N.uasset" 845
"D:/Arena Shooter/ArenaShooter/Content/Mannequin/Character/Materials/MaterialLayers/T_ML_Rubber_Blue_01_N.uexp" 846
"D:/Arena Shooter/ArenaShooter/Content/Mannequin/Character/Materials/MaterialLayers/T_ML_Rubber_Blue_01_D.ubulk" 847
"D:/Arena Shooter/ArenaShooter/Content/Mannequin/Character/Materials/MaterialLayers/T_ML_Rubber_Blue_01_D.uasset" 848
"D:/Arena Shooter/ArenaShooter/Content/Mannequin/Character/Materials/MaterialLayers/T_ML_Rubber_Blue_01_D.uexp" 849
"D:/Arena Shooter/ArenaShooter/Content/Mannequin/Character/Materials/MaterialLayers/ML_GlossyBlack_Latex_UE4.uasset" 850
"D:/Arena Shooter/ArenaShooter/Content/Mannequin/Character/Materials/MaterialLayers/ML_GlossyBlack_Latex_UE4.uexp" 851
"D:/Arena Shooter/ArenaShooter/Content/Mannequin/Character/Materials/M_UE4Man_Body.uasset" 852
"D:/Arena Shooter/ArenaShooter/Content/Mannequin/Character/Materials/M_UE4Man_Body.uexp" 853
"D:/Arena Shooter/ArenaShooter/Content/TrueFPS_Asset/Mannequin_Mesh/SK_Mannequin_Head_Physics.uasset" 854
"D:/Arena Shooter/ArenaShooter/Content/TrueFPS_Asset/Mannequin_Mesh/SK_Mannequin_Head_Physics.uexp" 855
"D:/Arena Shooter/ArenaShooter/Content/TrueFPS_Asset/Mannequin_Mesh/SK_Mannequin_Head_Skeleton.uasset" 856
"D:/Arena Shooter/ArenaShooter/Content/TrueFPS_Asset/Mannequin_Mesh/SK_Mannequin_Head_Skeleton.uexp" 857
"D:/Arena Shooter/ArenaShooter/Content/TrueFPS_Asset/Mannequin_Mesh/SK_Mannequin_Head.uasset" 858
"D:/Arena Shooter/ArenaShooter/Content/TrueFPS_Asset/Mannequin_Mesh/SK_Mannequin_Head.uexp" 859
"D:/Arena Shooter/ArenaShooter/Content/ThirdPersonBP/CameraManager/HeadBob_Sprint.uasset" 860
"D:/Arena Shooter/ArenaShooter/Content/ThirdPersonBP/CameraManager/HeadBob_Sprint.uexp" 861
"D:/Arena Shooter/ArenaShooter/Content/Main/Sounds/FirstPersonTemplateWeaponFire02.ubulk" 862
"D:/Arena Shooter/ArenaShooter/Content/Main/Sounds/FirstPersonTemplateWeaponFire02.uasset" 863
"D:/Arena Shooter/ArenaShooter/Content/Main/Sounds/FirstPersonTemplateWeaponFire02.uexp" 864
"D:/Arena Shooter/ArenaShooter/Content/AnimStarterPack/UE4_Mannequin/Mesh/UE4_Mannequin_Skeleton.uasset" 865
"D:/Arena Shooter/ArenaShooter/Content/AnimStarterPack/UE4_Mannequin/Mesh/UE4_Mannequin_Skeleton.uexp" 866
"D:/Arena Shooter/ArenaShooter/Content/Mannequin/Character/Textures/UE4Man_Logo_N.ubulk" 867
"D:/Arena Shooter/ArenaShooter/Content/Mannequin/Character/Textures/UE4Man_Logo_N.uasset" 868
"D:/Arena Shooter/ArenaShooter/Content/Mannequin/Character/Textures/UE4Man_Logo_N.uexp" 869
"D:/Arena Shooter/ArenaShooter/Content/Mannequin/Character/Materials/M_UE4Man_ChestLogo.uasset" 870
"D:/Arena Shooter/ArenaShooter/Content/Mannequin/Character/Materials/M_UE4Man_ChestLogo.uexp" 871
"D:/Arena Shooter/ArenaShooter/Content/TrueFPS_Asset/Mannequin_Mesh/SK_Mannequin_Body_Physics.uasset" 872
"D:/Arena Shooter/ArenaShooter/Content/TrueFPS_Asset/Mannequin_Mesh/SK_Mannequin_Body_Physics.uexp" 873
"D:/Arena Shooter/ArenaShooter/Content/TrueFPS_Asset/Mannequin_Mesh/SK_Mannequin_Body.uasset" 874
"D:/Arena Shooter/ArenaShooter/Content/TrueFPS_Asset/Mannequin_Mesh/SK_Mannequin_Body.uexp" 875
"D:/Arena Shooter/ArenaShooter/Content/Parkour/EParkourMovementType.uasset" 876
"D:/Arena Shooter/ArenaShooter/Content/Parkour/EParkourMovementType.uexp" 877
"D:/Arena Shooter/ArenaShooter/Content/ThirdPersonBP/CameraManager/HeadBob_Walk.uasset" 878
"D:/Arena Shooter/ArenaShooter/Content/ThirdPersonBP/CameraManager/HeadBob_Walk.uexp" 879
"D:/Arena Shooter/ArenaShooter/Content/Main/Items/EWeaponSlots.uasset" 880
"D:/Arena Shooter/ArenaShooter/Content/Main/Items/EWeaponSlots.uexp" 881
"D:/Arena Shooter/ArenaShooter/Content/Parkour/CameraShakes/JumpLand.uasset" 882
"D:/Arena Shooter/ArenaShooter/Content/Parkour/CameraShakes/JumpLand.uexp" 883
"D:/Arena Shooter/ArenaShooter/Content/Parkour/CameraShakes/Mantle.uasset" 884
"D:/Arena Shooter/ArenaShooter/Content/Parkour/CameraShakes/Mantle.uexp" 885
"D:/Arena Shooter/ArenaShooter/Content/Parkour/CameraShakes/QuickMantle.uasset" 886
"D:/Arena Shooter/ArenaShooter/Content/Parkour/CameraShakes/QuickMantle.uexp" 887
"D:/Arena Shooter/ArenaShooter/Content/Parkour/CameraShakes/LedgeGrab.uasset" 888
"D:/Arena Shooter/ArenaShooter/Content/Parkour/CameraShakes/LedgeGrab.uexp" 889
"../../../Engine/Content/EditorBlueprintResources/StandardMacros.uasset" 890
"../../../Engine/Content/EditorBlueprintResources/StandardMacros.uexp" 891
"D:/Arena Shooter/ArenaShooter/Content/Parkour/ParkourMovement.uasset" 892
"D:/Arena Shooter/ArenaShooter/Content/Parkour/ParkourMovement.uexp" 893
"D:/Arena Shooter/ArenaShooter/Content/FPS_Weapon_Bundle/Weapons/Textures/Ammunition/T_9mm_ALB.ubulk" 894
"D:/Arena Shooter/ArenaShooter/Content/FPS_Weapon_Bundle/Weapons/Textures/Ammunition/T_9mm_ALB.uasset" 895
"D:/Arena Shooter/ArenaShooter/Content/FPS_Weapon_Bundle/Weapons/Textures/Ammunition/T_9mm_ALB.uexp" 896
"D:/Arena Shooter/ArenaShooter/Content/FPS_Weapon_Bundle/Weapons/Textures/Ammunition/T_9mm_M_MSK.ubulk" 897
"D:/Arena Shooter/ArenaShooter/Content/FPS_Weapon_Bundle/Weapons/Textures/Ammunition/T_9mm_M_MSK.uasset" 898
"D:/Arena Shooter/ArenaShooter/Content/FPS_Weapon_Bundle/Weapons/Textures/Ammunition/T_9mm_M_MSK.uexp" 899
"D:/Arena Shooter/ArenaShooter/Content/FPS_Weapon_Bundle/Weapons/Textures/Ammunition/T_9mm_NRM.ubulk" 900
"D:/Arena Shooter/ArenaShooter/Content/FPS_Weapon_Bundle/Weapons/Textures/Ammunition/T_9mm_NRM.uasset" 901
"D:/Arena Shooter/ArenaShooter/Content/FPS_Weapon_Bundle/Weapons/Textures/Ammunition/T_9mm_NRM.uexp" 902
"D:/Arena Shooter/ArenaShooter/Content/FPS_Weapon_Bundle/Weapons/Materials/Ammunition/M_9mm.uasset" 903
"D:/Arena Shooter/ArenaShooter/Content/FPS_Weapon_Bundle/Weapons/Materials/Ammunition/M_9mm.uexp" 904
"D:/Arena Shooter/ArenaShooter/Content/FPS_Weapon_Bundle/Weapons/Meshes/Ammunition/SM_Shell_9mm.ubulk" 905
"D:/Arena Shooter/ArenaShooter/Content/FPS_Weapon_Bundle/Weapons/Meshes/Ammunition/SM_Shell_9mm.uasset" 906
"D:/Arena Shooter/ArenaShooter/Content/FPS_Weapon_Bundle/Weapons/Meshes/Ammunition/SM_Shell_9mm.uexp" 907
"D:/Arena Shooter/ArenaShooter/Content/Main/Items/Bullet/BP_FirstPersonProjectile.uasset" 908
"D:/Arena Shooter/ArenaShooter/Content/Main/Items/Bullet/BP_FirstPersonProjectile.uexp" 909
"../../../Engine/Content/Animation/DefaultAnimCurveCompressionSettings.uasset" 910
"../../../Engine/Content/Animation/DefaultAnimCurveCompressionSettings.uexp" 911
"../../../Engine/Content/Animation/DefaultAnimBoneCompressionSettings.uasset" 912
"../../../Engine/Content/Animation/DefaultAnimBoneCompressionSettings.uexp" 913
"D:/Arena Shooter/ArenaShooter/Content/AnimStarterPack/Crouch_Idle_Rifle_Ironsights.uasset" 914
"D:/Arena Shooter/ArenaShooter/Content/AnimStarterPack/Crouch_Idle_Rifle_Ironsights.uexp" 915
"D:/Arena Shooter/ArenaShooter/Content/TrueFPS_Asset/Jump_Anim/Jump_From_Jog_End.uasset" 916
"D:/Arena Shooter/ArenaShooter/Content/TrueFPS_Asset/Jump_Anim/Jump_From_Jog_End.uexp" 917
"D:/Arena Shooter/ArenaShooter/Content/TrueFPS_Asset/TurnInPlace_Anim/Turn_Left_90_Crouch.uasset" 918
"D:/Arena Shooter/ArenaShooter/Content/TrueFPS_Asset/TurnInPlace_Anim/Turn_Left_90_Crouch.uexp" 919
"D:/Arena Shooter/ArenaShooter/Content/TrueFPS_Asset/TurnInPlace_Anim/Turn_Right_90_Combat.uasset" 920
"D:/Arena Shooter/ArenaShooter/Content/TrueFPS_Asset/TurnInPlace_Anim/Turn_Right_90_Combat.uexp" 921
"D:/Arena Shooter/ArenaShooter/Content/AnimStarterPack/Crouch_Walk_Bwd_Rifle_Ironsights.uasset" 922
"D:/Arena Shooter/ArenaShooter/Content/AnimStarterPack/Crouch_Walk_Bwd_Rifle_Ironsights.uexp" 923
"D:/Arena Shooter/ArenaShooter/Content/AnimStarterPack/Crouch_Walk_Lt_Rifle_Ironsights.uasset" 924
"D:/Arena Shooter/ArenaShooter/Content/AnimStarterPack/Crouch_Walk_Lt_Rifle_Ironsights.uexp" 925
"D:/Arena Shooter/ArenaShooter/Content/AnimStarterPack/Crouch_Walk_Fwd_Rifle_Ironsights.uasset" 926
"D:/Arena Shooter/ArenaShooter/Content/AnimStarterPack/Crouch_Walk_Fwd_Rifle_Ironsights.uexp" 927
"D:/Arena Shooter/ArenaShooter/Content/AnimStarterPack/Crouch_Walk_Rt_Rifle_Ironsights.uasset" 928
"D:/Arena Shooter/ArenaShooter/Content/AnimStarterPack/Crouch_Walk_Rt_Rifle_Ironsights.uexp" 929
"D:/Arena Shooter/ArenaShooter/Content/AnimStarterPack/Crouch_Ironsight_BS.uasset" 930
"D:/Arena Shooter/ArenaShooter/Content/AnimStarterPack/Crouch_Ironsight_BS.uexp" 931
"D:/Arena Shooter/ArenaShooter/Content/AnimStarterPack/Idle_Rifle_Ironsights.uasset" 932
"D:/Arena Shooter/ArenaShooter/Content/AnimStarterPack/Idle_Rifle_Ironsights.uexp" 933
"D:/Arena Shooter/ArenaShooter/Content/TrueFPS_Asset/TurnInPlace_Anim/Turn_Right_90_Crouch.uasset" 934
"D:/Arena Shooter/ArenaShooter/Content/TrueFPS_Asset/TurnInPlace_Anim/Turn_Right_90_Crouch.uexp" 935
"D:/Arena Shooter/ArenaShooter/Content/TrueFPS_Asset/TurnInPlace_Anim/Turn_Left_90_Combat.uasset" 936
"D:/Arena Shooter/ArenaShooter/Content/TrueFPS_Asset/TurnInPlace_Anim/Turn_Left_90_Combat.uexp" 937
"D:/Arena Shooter/ArenaShooter/Content/AnimStarterPack/Prone_Idle.uasset" 938
"D:/Arena Shooter/ArenaShooter/Content/AnimStarterPack/Prone_Idle.uexp" 939
"D:/Arena Shooter/ArenaShooter/Content/TrueFPS_Asset/AimOffset/Aim_Center_Up.uasset" 940
"D:/Arena Shooter/ArenaShooter/Content/TrueFPS_Asset/AimOffset/Aim_Center_Up.uexp" 941
"D:/Arena Shooter/ArenaShooter/Content/TrueFPS_Asset/AimOffset/Aim_Right_Center.uasset" 942
"D:/Arena Shooter/ArenaShooter/Content/TrueFPS_Asset/AimOffset/Aim_Right_Center.uexp" 943
"D:/Arena Shooter/ArenaShooter/Content/TrueFPS_Asset/AimOffset/Aim_Left_Center.uasset" 944
"D:/Arena Shooter/ArenaShooter/Content/TrueFPS_Asset/AimOffset/Aim_Left_Center.uexp" 945
"D:/Arena Shooter/ArenaShooter/Content/TrueFPS_Asset/AimOffset/Aim_Center.uasset" 946
"D:/Arena Shooter/ArenaShooter/Content/TrueFPS_Asset/AimOffset/Aim_Center.uexp" 947
"D:/Arena Shooter/ArenaShooter/Content/TrueFPS_Asset/AimOffset/Aim_Left_Up.uasset" 948
"D:/Arena Shooter/ArenaShooter/Content/TrueFPS_Asset/AimOffset/Aim_Left_Up.uexp" 949
"D:/Arena Shooter/ArenaShooter/Content/TrueFPS_Asset/AimOffset/Aim_Left_Down.uasset" 950
"D:/Arena Shooter/ArenaShooter/Content/TrueFPS_Asset/AimOffset/Aim_Left_Down.uexp" 951
"D:/Arena Shooter/ArenaShooter/Content/TrueFPS_Asset/AimOffset/Aim_Right_Up.uasset" 952
"D:/Arena Shooter/ArenaShooter/Content/TrueFPS_Asset/AimOffset/Aim_Right_Up.uexp" 953
"D:/Arena Shooter/ArenaShooter/Content/TrueFPS_Asset/AimOffset/Aim_Right_Down.uasset" 954
"D:/Arena Shooter/ArenaShooter/Content/TrueFPS_Asset/AimOffset/Aim_Right_Down.uexp" 955
"D:/Arena Shooter/ArenaShooter/Content/TrueFPS_Asset/AimOffset/Aim_Center_Down.uasset" 956
"D:/Arena Shooter/ArenaShooter/Content/TrueFPS_Asset/AimOffset/Aim_Center_Down.uexp" 957
"D:/Arena Shooter/ArenaShooter/Content/TrueFPS_Asset/AimOffset/AimOffset.uasset" 958
"D:/Arena Shooter/ArenaShooter/Content/TrueFPS_Asset/AimOffset/AimOffset.uexp" 959
"D:/Arena Shooter/ArenaShooter/Content/TrueFPS_Asset/Jump_Anim/Jump_From_Jog_Start.uasset" 960
"D:/Arena Shooter/ArenaShooter/Content/TrueFPS_Asset/Jump_Anim/Jump_From_Jog_Start.uexp" 961
"D:/Arena Shooter/ArenaShooter/Content/AnimStarterPack/Walk_Fwd_Rifle_Ironsights.uasset" 962
"D:/Arena Shooter/ArenaShooter/Content/AnimStarterPack/Walk_Fwd_Rifle_Ironsights.uexp" 963
"D:/Arena Shooter/ArenaShooter/Content/AnimStarterPack/Walk_Lt_Rifle_Ironsights.uasset" 964
"D:/Arena Shooter/ArenaShooter/Content/AnimStarterPack/Walk_Lt_Rifle_Ironsights.uexp" 965
"D:/Arena Shooter/ArenaShooter/Content/AnimStarterPack/Walk_Rt_Rifle_Ironsights.uasset" 966
"D:/Arena Shooter/ArenaShooter/Content/AnimStarterPack/Walk_Rt_Rifle_Ironsights.uexp" 967
"D:/Arena Shooter/ArenaShooter/Content/AnimStarterPack/Walk_Bwd_Rifle_Ironsights.uasset" 968
"D:/Arena Shooter/ArenaShooter/Content/AnimStarterPack/Walk_Bwd_Rifle_Ironsights.uexp" 969
"D:/Arena Shooter/ArenaShooter/Content/AnimStarterPack/Sprint_Fwd_Rifle.uasset" 970
"D:/Arena Shooter/ArenaShooter/Content/AnimStarterPack/Sprint_Fwd_Rifle.uexp" 971
"D:/Arena Shooter/ArenaShooter/Content/AnimStarterPack/Jog_Ironsight_BS.uasset" 972
"D:/Arena Shooter/ArenaShooter/Content/AnimStarterPack/Jog_Ironsight_BS.uexp" 973
"D:/Arena Shooter/ArenaShooter/Content/TrueFPS_Asset/Jump_Anim/Jump_From_Jog_Loop.uasset" 974
"D:/Arena Shooter/ArenaShooter/Content/TrueFPS_Asset/Jump_Anim/Jump_From_Jog_Loop.uexp" 975
"D:/Arena Shooter/ArenaShooter/Content/Main/PlayerCharacter/ABP_PlayerCharacter.uasset" 976
"D:/Arena Shooter/ArenaShooter/Content/Main/PlayerCharacter/ABP_PlayerCharacter.uexp" 977
"D:/Arena Shooter/ArenaShooter/Content/Main/AI/BTService_PlayerLocationIfSeen.uasset" 978
"D:/Arena Shooter/ArenaShooter/Content/Main/AI/BTService_PlayerLocationIfSeen.uexp" 979
"D:/Arena Shooter/ArenaShooter/Content/Main/AI/BB_EnemyAI.uasset" 980
"D:/Arena Shooter/ArenaShooter/Content/Main/AI/BB_EnemyAI.uexp" 981
"D:/Arena Shooter/ArenaShooter/Content/Main/AI/BTTask_Shoot.uasset" 982
"D:/Arena Shooter/ArenaShooter/Content/Main/AI/BTTask_Shoot.uexp" 983
"D:/Arena Shooter/ArenaShooter/Content/Main/AI/BTService_PlayerLocation.uasset" 984
"D:/Arena Shooter/ArenaShooter/Content/Main/AI/BTService_PlayerLocation.uexp" 985
"D:/Arena Shooter/ArenaShooter/Content/Main/AI/BTTask_ClearBlackboardValue.uasset" 986
"D:/Arena Shooter/ArenaShooter/Content/Main/AI/BTTask_ClearBlackboardValue.uexp" 987
"D:/Arena Shooter/ArenaShooter/Content/Main/AI/BT_EnemyAI.uasset" 988
"D:/Arena Shooter/ArenaShooter/Content/Main/AI/BT_EnemyAI.uexp" 989
"D:/Arena Shooter/ArenaShooter/Content/Main/AI/BP_EnemyAIController.uasset" 990
"D:/Arena Shooter/ArenaShooter/Content/Main/AI/BP_EnemyAIController.uexp" 991
"D:/Arena Shooter/ArenaShooter/Content/FPS_Weapon_Bundle/Weapons/Textures/KA47/T_KA47_NRM.ubulk" 992
"D:/Arena Shooter/ArenaShooter/Content/FPS_Weapon_Bundle/Weapons/Textures/KA47/T_KA47_NRM.uasset" 993
"D:/Arena Shooter/ArenaShooter/Content/FPS_Weapon_Bundle/Weapons/Textures/KA47/T_KA47_NRM.uexp" 994
"D:/Arena Shooter/ArenaShooter/Content/FPS_Weapon_Bundle/Weapons/Textures/KA47/T_KA47_ALB.ubulk" 995
"D:/Arena Shooter/ArenaShooter/Content/FPS_Weapon_Bundle/Weapons/Textures/KA47/T_KA47_ALB.uasset" 996
"D:/Arena Shooter/ArenaShooter/Content/FPS_Weapon_Bundle/Weapons/Textures/KA47/T_KA47_ALB.uexp" 997
"D:/Arena Shooter/ArenaShooter/Content/FPS_Weapon_Bundle/Weapons/Textures/KA47/T_KA47_M_MSK.ubulk" 998
"D:/Arena Shooter/ArenaShooter/Content/FPS_Weapon_Bundle/Weapons/Textures/KA47/T_KA47_M_MSK.uasset" 999
"D:/Arena Shooter/ArenaShooter/Content/FPS_Weapon_Bundle/Weapons/Textures/KA47/T_KA47_M_MSK.uexp" 1000
"D:/Arena Shooter/ArenaShooter/Content/FPS_Weapon_Bundle/Weapons/Materials/Ka47/M_KA47.uasset" 1001
"D:/Arena Shooter/ArenaShooter/Content/FPS_Weapon_Bundle/Weapons/Materials/Ka47/M_KA47.uexp" 1002
"D:/Arena Shooter/ArenaShooter/Content/FPS_Weapon_Bundle/Weapons/Meshes/Ka47/SK_KA47_Skeleton.uasset" 1003
"D:/Arena Shooter/ArenaShooter/Content/FPS_Weapon_Bundle/Weapons/Meshes/Ka47/SK_KA47_Skeleton.uexp" 1004
"D:/Arena Shooter/ArenaShooter/Content/FPS_Weapon_Bundle/Weapons/Meshes/Ka47/SK_KA47_Physics.uasset" 1005
"D:/Arena Shooter/ArenaShooter/Content/FPS_Weapon_Bundle/Weapons/Meshes/Ka47/SK_KA47_Physics.uexp" 1006
"D:/Arena Shooter/ArenaShooter/Content/FPS_Weapon_Bundle/Weapons/Meshes/Ka47/SK_KA47.uasset" 1007
"D:/Arena Shooter/ArenaShooter/Content/FPS_Weapon_Bundle/Weapons/Meshes/Ka47/SK_KA47.uexp" 1008
"D:/Arena Shooter/ArenaShooter/Content/Weapon/Weapon_AK.uasset" 1009
"D:/Arena Shooter/ArenaShooter/Content/Weapon/Weapon_AK.uexp" 1010
"D:/Arena Shooter/ArenaShooter/Content/AnimStarterPack/Fire_Rifle_Ironsights.uasset" 1011
"D:/Arena Shooter/ArenaShooter/Content/AnimStarterPack/Fire_Rifle_Ironsights.uexp" 1012
"D:/Arena Shooter/ArenaShooter/Content/ThirdPersonBP/CameraManager/RecoilCameraShake.uasset" 1013
"D:/Arena Shooter/ArenaShooter/Content/ThirdPersonBP/CameraManager/RecoilCameraShake.uexp" 1014
"D:/Arena Shooter/ArenaShooter/Content/ThirdPersonBP/CameraManager/FireCameraShake.uasset" 1015
"D:/Arena Shooter/ArenaShooter/Content/ThirdPersonBP/CameraManager/FireCameraShake.uexp" 1016
"D:/Arena Shooter/ArenaShooter/Content/AnimStarterPack/BP_CameraShakeNotify.uasset" 1017
"D:/Arena Shooter/ArenaShooter/Content/AnimStarterPack/BP_CameraShakeNotify.uexp" 1018
"D:/Arena Shooter/ArenaShooter/Content/AnimStarterPack/Fire_Rifle_Ironsights_Montage.uasset" 1019
"D:/Arena Shooter/ArenaShooter/Content/AnimStarterPack/Fire_Rifle_Ironsights_Montage.uexp" 1020
"D:/Arena Shooter/ArenaShooter/Content/Main/PlayerCharacter/PlayerCharacter.uasset" 1021
"D:/Arena Shooter/ArenaShooter/Content/Main/PlayerCharacter/PlayerCharacter.uexp" 1022
"D:/Arena Shooter/ArenaShooter/Content/Main/InteractionInterface/InteractionInterface.uasset" 1023
"D:/Arena Shooter/ArenaShooter/Content/Main/InteractionInterface/InteractionInterface.uexp" 1024
"D:/Arena Shooter/ArenaShooter/Content/Main/Items/EGunState.uasset" 1025
"D:/Arena Shooter/ArenaShooter/Content/Main/Items/EGunState.uexp" 1026
"D:/Arena Shooter/ArenaShooter/Content/Weapon/EWeapon.uasset" 1027
"D:/Arena Shooter/ArenaShooter/Content/Weapon/EWeapon.uexp" 1028
"D:/Arena Shooter/ArenaShooter/Content/Main/InteractionInterface/InteractionWidget.uasset" 1029
"D:/Arena Shooter/ArenaShooter/Content/Main/InteractionInterface/InteractionWidget.uexp" 1030
"D:/Arena Shooter/ArenaShooter/Content/Main/Items/BP_Item.uasset" 1031
"D:/Arena Shooter/ArenaShooter/Content/Main/Items/BP_Item.uexp" 1032
"D:/Arena Shooter/ArenaShooter/Content/Weapon/Weapon_Base.uasset" 1033
"D:/Arena Shooter/ArenaShooter/Content/Weapon/Weapon_Base.uexp" 1034
"D:/Arena Shooter/ArenaShooter/Content/Weapon/Weapon_M4.uasset" 1035
"D:/Arena Shooter/ArenaShooter/Content/Weapon/Weapon_M4.uexp" 1036
"D:/Arena Shooter/ArenaShooter/Content/ThirdPersonBP/CameraManager/Character_CameraBP.uasset" 1037
"D:/Arena Shooter/ArenaShooter/Content/ThirdPersonBP/CameraManager/Character_CameraBP.uexp" 1038
"D:/Arena Shooter/ArenaShooter/Content/AnimStarterPack/Character_Controller.uasset" 1039
"D:/Arena Shooter/ArenaShooter/Content/AnimStarterPack/Character_Controller.uexp" 1040
"D:/Arena Shooter/ArenaShooter/Content/Main/DefaultGameMode.uasset" 1041
"D:/Arena Shooter/ArenaShooter/Content/Main/DefaultGameMode.uexp" 1042
"../../../Engine/Content/BasicShapes/BasicShapeMaterial.uasset" 1043
"../../../Engine/Content/BasicShapes/BasicShapeMaterial.uexp" 1044
"../../../Engine/Content/EngineSky/M_SimpleSkyDome.uasset" 1045
"../../../Engine/Content/EngineSky/M_SimpleSkyDome.uexp" 1046
"D:/Arena Shooter/ArenaShooter/Content/Main/Maps/Map1.uexp" 1047
"D:/Arena Shooter/ArenaShooter/Content/Main/Maps/Map1.umap" 1048
"../../../Engine/Content/Maps/Entry_BuiltData.uasset" 1049
"../../../Engine/Content/Maps/Entry_BuiltData.uexp" 1050
"../../../Engine/Content/Maps/Entry.uexp" 1051
"../../../Engine/Content/Maps/Entry.umap" 1052
